{"/app/server/controller/category_controller.ts": {"path":"/app/server/controller/category_controller.ts","statementMap":{"0":{"start":{"line":6,"column":16},"end":{"line":26,"column":null}},"1":{"start":{"line":28,"column":20},"end":{"line":52,"column":null}},"2":{"start":{"line":55,"column":17},"end":{"line":79,"column":null}},"3":{"start":{"line":8,"column":18},"end":{"line":8,"column":null}},"4":{"start":{"line":11,"column":2},"end":{"line":18,"column":null}},"5":{"start":{"line":12,"column":3},"end":{"line":16,"column":null}},"6":{"start":{"line":17,"column":3},"end":{"line":17,"column":null}},"7":{"start":{"line":21,"column":2},"end":{"line":25,"column":null}},"8":{"start":{"line":30,"column":2},"end":{"line":30,"column":null}},"9":{"start":{"line":33,"column":18},"end":{"line":33,"column":null}},"10":{"start":{"line":36,"column":2},"end":{"line":43,"column":null}},"11":{"start":{"line":37,"column":3},"end":{"line":41,"column":null}},"12":{"start":{"line":42,"column":3},"end":{"line":42,"column":null}},"13":{"start":{"line":47,"column":2},"end":{"line":51,"column":null}},"14":{"start":{"line":56,"column":2},"end":{"line":56,"column":null}},"15":{"start":{"line":61,"column":18},"end":{"line":61,"column":null}},"16":{"start":{"line":64,"column":2},"end":{"line":71,"column":null}},"17":{"start":{"line":65,"column":3},"end":{"line":69,"column":null}},"18":{"start":{"line":70,"column":3},"end":{"line":70,"column":null}},"19":{"start":{"line":74,"column":2},"end":{"line":78,"column":null}}},"fnMap":{"0":{"name":"(anonymous_0)","decl":{"start":{"line":6,"column":16},"end":{"line":6,"column":23}},"loc":{"start":{"line":6,"column":56},"end":{"line":26,"column":null}},"line":6},"1":{"name":"(anonymous_1)","decl":{"start":{"line":28,"column":20},"end":{"line":28,"column":27}},"loc":{"start":{"line":28,"column":59},"end":{"line":52,"column":null}},"line":28},"2":{"name":"(anonymous_2)","decl":{"start":{"line":55,"column":17},"end":{"line":55,"column":24}},"loc":{"start":{"line":55,"column":56},"end":{"line":79,"column":null}},"line":55}},"branchMap":{"0":{"loc":{"start":{"line":11,"column":2},"end":{"line":18,"column":null}},"type":"if","locations":[{"start":{"line":11,"column":2},"end":{"line":18,"column":null}},{"start":{},"end":{}}],"line":11},"1":{"loc":{"start":{"line":15,"column":5},"end":{"line":15,"column":null}},"type":"cond-expr","locations":[{"start":{"line":15,"column":45},"end":{"line":15,"column":55}},{"start":{"line":15,"column":55},"end":{"line":15,"column":null}}],"line":15},"2":{"loc":{"start":{"line":36,"column":2},"end":{"line":43,"column":null}},"type":"if","locations":[{"start":{"line":36,"column":2},"end":{"line":43,"column":null}},{"start":{},"end":{}}],"line":36},"3":{"loc":{"start":{"line":40,"column":5},"end":{"line":40,"column":null}},"type":"cond-expr","locations":[{"start":{"line":40,"column":45},"end":{"line":40,"column":55}},{"start":{"line":40,"column":55},"end":{"line":40,"column":null}}],"line":40},"4":{"loc":{"start":{"line":64,"column":2},"end":{"line":71,"column":null}},"type":"if","locations":[{"start":{"line":64,"column":2},"end":{"line":71,"column":null}},{"start":{},"end":{}}],"line":64},"5":{"loc":{"start":{"line":68,"column":5},"end":{"line":68,"column":null}},"type":"cond-expr","locations":[{"start":{"line":68,"column":45},"end":{"line":68,"column":55}},{"start":{"line":68,"column":55},"end":{"line":68,"column":null}}],"line":68}},"s":{"0":0,"1":0,"2":0,"3":0,"4":0,"5":0,"6":0,"7":0,"8":0,"9":0,"10":0,"11":0,"12":0,"13":0,"14":0,"15":0,"16":0,"17":0,"18":0,"19":0},"f":{"0":0,"1":0,"2":0},"b":{"0":[0,0],"1":[0,0],"2":[0,0],"3":[0,0],"4":[0,0],"5":[0,0]},"meta":{"lastBranch":6,"lastFunction":3,"lastStatement":20,"seen":{"s:6:16:26:Infinity":0,"s:28:20:52:Infinity":1,"s:55:17:79:Infinity":2,"f:6:16:6:23":0,"s:8:18:8:Infinity":3,"b:11:2:18:Infinity:undefined:undefined:undefined:undefined":0,"s:11:2:18:Infinity":4,"s:12:3:16:Infinity":5,"b:15:45:15:55:15:55:15:Infinity":1,"s:17:3:17:Infinity":6,"s:21:2:25:Infinity":7,"f:28:20:28:27":1,"s:30:2:30:Infinity":8,"s:33:18:33:Infinity":9,"b:36:2:43:Infinity:undefined:undefined:undefined:undefined":2,"s:36:2:43:Infinity":10,"s:37:3:41:Infinity":11,"b:40:45:40:55:40:55:40:Infinity":3,"s:42:3:42:Infinity":12,"s:47:2:51:Infinity":13,"f:55:17:55:24":2,"s:56:2:56:Infinity":14,"s:61:18:61:Infinity":15,"b:64:2:71:Infinity:undefined:undefined:undefined:undefined":4,"s:64:2:71:Infinity":16,"s:65:3:69:Infinity":17,"b:68:45:68:55:68:55:68:Infinity":5,"s:70:3:70:Infinity":18,"s:74:2:78:Infinity":19}}}
,"/app/server/controller/contact_controller.ts": {"path":"/app/server/controller/contact_controller.ts","statementMap":{"0":{"start":{"line":6,"column":19},"end":{"line":16,"column":null}},"1":{"start":{"line":18,"column":20},"end":{"line":28,"column":null}},"2":{"start":{"line":8,"column":24},"end":{"line":8,"column":null}},"3":{"start":{"line":11,"column":8},"end":{"line":15,"column":null}},"4":{"start":{"line":20,"column":24},"end":{"line":20,"column":null}},"5":{"start":{"line":23,"column":8},"end":{"line":27,"column":null}}},"fnMap":{"0":{"name":"(anonymous_0)","decl":{"start":{"line":6,"column":19},"end":{"line":6,"column":26}},"loc":{"start":{"line":6,"column":59},"end":{"line":16,"column":null}},"line":6},"1":{"name":"(anonymous_1)","decl":{"start":{"line":18,"column":20},"end":{"line":18,"column":27}},"loc":{"start":{"line":18,"column":59},"end":{"line":28,"column":null}},"line":18}},"branchMap":{},"s":{"0":0,"1":0,"2":0,"3":0,"4":0,"5":0},"f":{"0":0,"1":0},"b":{},"meta":{"lastBranch":0,"lastFunction":2,"lastStatement":6,"seen":{"s:6:19:16:Infinity":0,"s:18:20:28:Infinity":1,"f:6:19:6:26":0,"s:8:24:8:Infinity":2,"s:11:8:15:Infinity":3,"f:18:20:18:27":1,"s:20:24:20:Infinity":4,"s:23:8:27:Infinity":5}}}
,"/app/server/controller/drink_controller.ts": {"path":"/app/server/controller/drink_controller.ts","statementMap":{"0":{"start":{"line":6,"column":16},"end":{"line":26,"column":null}},"1":{"start":{"line":27,"column":20},"end":{"line":50,"column":null}},"2":{"start":{"line":8,"column":18},"end":{"line":8,"column":null}},"3":{"start":{"line":11,"column":2},"end":{"line":18,"column":null}},"4":{"start":{"line":12,"column":3},"end":{"line":16,"column":null}},"5":{"start":{"line":17,"column":3},"end":{"line":17,"column":null}},"6":{"start":{"line":21,"column":2},"end":{"line":25,"column":null}},"7":{"start":{"line":29,"column":2},"end":{"line":29,"column":null}},"8":{"start":{"line":32,"column":18},"end":{"line":32,"column":null}},"9":{"start":{"line":35,"column":2},"end":{"line":42,"column":null}},"10":{"start":{"line":36,"column":3},"end":{"line":40,"column":null}},"11":{"start":{"line":41,"column":3},"end":{"line":41,"column":null}},"12":{"start":{"line":45,"column":2},"end":{"line":49,"column":null}}},"fnMap":{"0":{"name":"(anonymous_0)","decl":{"start":{"line":6,"column":16},"end":{"line":6,"column":23}},"loc":{"start":{"line":6,"column":56},"end":{"line":26,"column":null}},"line":6},"1":{"name":"(anonymous_1)","decl":{"start":{"line":27,"column":20},"end":{"line":27,"column":27}},"loc":{"start":{"line":27,"column":59},"end":{"line":50,"column":null}},"line":27}},"branchMap":{"0":{"loc":{"start":{"line":11,"column":2},"end":{"line":18,"column":null}},"type":"if","locations":[{"start":{"line":11,"column":2},"end":{"line":18,"column":null}},{"start":{},"end":{}}],"line":11},"1":{"loc":{"start":{"line":15,"column":5},"end":{"line":15,"column":null}},"type":"cond-expr","locations":[{"start":{"line":15,"column":45},"end":{"line":15,"column":55}},{"start":{"line":15,"column":55},"end":{"line":15,"column":null}}],"line":15},"2":{"loc":{"start":{"line":35,"column":2},"end":{"line":42,"column":null}},"type":"if","locations":[{"start":{"line":35,"column":2},"end":{"line":42,"column":null}},{"start":{},"end":{}}],"line":35},"3":{"loc":{"start":{"line":39,"column":5},"end":{"line":39,"column":null}},"type":"cond-expr","locations":[{"start":{"line":39,"column":45},"end":{"line":39,"column":55}},{"start":{"line":39,"column":55},"end":{"line":39,"column":null}}],"line":39}},"s":{"0":0,"1":0,"2":0,"3":0,"4":0,"5":0,"6":0,"7":0,"8":0,"9":0,"10":0,"11":0,"12":0},"f":{"0":0,"1":0},"b":{"0":[0,0],"1":[0,0],"2":[0,0],"3":[0,0]},"meta":{"lastBranch":4,"lastFunction":2,"lastStatement":13,"seen":{"s:6:16:26:Infinity":0,"s:27:20:50:Infinity":1,"f:6:16:6:23":0,"s:8:18:8:Infinity":2,"b:11:2:18:Infinity:undefined:undefined:undefined:undefined":0,"s:11:2:18:Infinity":3,"s:12:3:16:Infinity":4,"b:15:45:15:55:15:55:15:Infinity":1,"s:17:3:17:Infinity":5,"s:21:2:25:Infinity":6,"f:27:20:27:27":1,"s:29:2:29:Infinity":7,"s:32:18:32:Infinity":8,"b:35:2:42:Infinity:undefined:undefined:undefined:undefined":2,"s:35:2:42:Infinity":9,"s:36:3:40:Infinity":10,"b:39:45:39:55:39:55:39:Infinity":3,"s:41:3:41:Infinity":11,"s:45:2:49:Infinity":12}}}
,"/app/server/controller/drink_type_controller.ts": {"path":"/app/server/controller/drink_type_controller.ts","statementMap":{"0":{"start":{"line":6,"column":16},"end":{"line":26,"column":null}},"1":{"start":{"line":27,"column":20},"end":{"line":50,"column":null}},"2":{"start":{"line":8,"column":18},"end":{"line":8,"column":null}},"3":{"start":{"line":11,"column":2},"end":{"line":18,"column":null}},"4":{"start":{"line":12,"column":3},"end":{"line":16,"column":null}},"5":{"start":{"line":17,"column":3},"end":{"line":17,"column":null}},"6":{"start":{"line":21,"column":2},"end":{"line":25,"column":null}},"7":{"start":{"line":32,"column":18},"end":{"line":32,"column":null}},"8":{"start":{"line":35,"column":2},"end":{"line":42,"column":null}},"9":{"start":{"line":36,"column":3},"end":{"line":40,"column":null}},"10":{"start":{"line":41,"column":3},"end":{"line":41,"column":null}},"11":{"start":{"line":45,"column":2},"end":{"line":49,"column":null}}},"fnMap":{"0":{"name":"(anonymous_0)","decl":{"start":{"line":6,"column":16},"end":{"line":6,"column":23}},"loc":{"start":{"line":6,"column":56},"end":{"line":26,"column":null}},"line":6},"1":{"name":"(anonymous_1)","decl":{"start":{"line":27,"column":20},"end":{"line":27,"column":27}},"loc":{"start":{"line":27,"column":59},"end":{"line":50,"column":null}},"line":27}},"branchMap":{"0":{"loc":{"start":{"line":11,"column":2},"end":{"line":18,"column":null}},"type":"if","locations":[{"start":{"line":11,"column":2},"end":{"line":18,"column":null}},{"start":{},"end":{}}],"line":11},"1":{"loc":{"start":{"line":15,"column":5},"end":{"line":15,"column":null}},"type":"cond-expr","locations":[{"start":{"line":15,"column":45},"end":{"line":15,"column":55}},{"start":{"line":15,"column":55},"end":{"line":15,"column":null}}],"line":15},"2":{"loc":{"start":{"line":35,"column":2},"end":{"line":42,"column":null}},"type":"if","locations":[{"start":{"line":35,"column":2},"end":{"line":42,"column":null}},{"start":{},"end":{}}],"line":35},"3":{"loc":{"start":{"line":39,"column":5},"end":{"line":39,"column":null}},"type":"cond-expr","locations":[{"start":{"line":39,"column":45},"end":{"line":39,"column":55}},{"start":{"line":39,"column":55},"end":{"line":39,"column":null}}],"line":39}},"s":{"0":0,"1":0,"2":0,"3":0,"4":0,"5":0,"6":0,"7":0,"8":0,"9":0,"10":0,"11":0},"f":{"0":0,"1":0},"b":{"0":[0,0],"1":[0,0],"2":[0,0],"3":[0,0]},"meta":{"lastBranch":4,"lastFunction":2,"lastStatement":12,"seen":{"s:6:16:26:Infinity":0,"s:27:20:50:Infinity":1,"f:6:16:6:23":0,"s:8:18:8:Infinity":2,"b:11:2:18:Infinity:undefined:undefined:undefined:undefined":0,"s:11:2:18:Infinity":3,"s:12:3:16:Infinity":4,"b:15:45:15:55:15:55:15:Infinity":1,"s:17:3:17:Infinity":5,"s:21:2:25:Infinity":6,"f:27:20:27:27":1,"s:32:18:32:Infinity":7,"b:35:2:42:Infinity:undefined:undefined:undefined:undefined":2,"s:35:2:42:Infinity":8,"s:36:3:40:Infinity":9,"b:39:45:39:55:39:55:39:Infinity":3,"s:41:3:41:Infinity":10,"s:45:2:49:Infinity":11}}}
,"/app/server/controller/homepage_controller.ts": {"path":"/app/server/controller/homepage_controller.ts","statementMap":{"0":{"start":{"line":5,"column":16},"end":{"line":11,"column":null}},"1":{"start":{"line":7,"column":2},"end":{"line":10,"column":null}}},"fnMap":{"0":{"name":"(anonymous_0)","decl":{"start":{"line":5,"column":16},"end":{"line":5,"column":17}},"loc":{"start":{"line":5,"column":50},"end":{"line":11,"column":null}},"line":5}},"branchMap":{},"s":{"0":1,"1":1},"f":{"0":1},"b":{},"meta":{"lastBranch":0,"lastFunction":1,"lastStatement":2,"seen":{"s:5:16:11:Infinity":0,"f:5:16:5:17":0,"s:7:2:10:Infinity":1}}}
,"/app/server/controller/menu_controller.ts": {"path":"/app/server/controller/menu_controller.ts","statementMap":{"0":{"start":{"line":9,"column":16},"end":{"line":29,"column":null}},"1":{"start":{"line":31,"column":20},"end":{"line":54,"column":null}},"2":{"start":{"line":56,"column":17},"end":{"line":95,"column":null}},"3":{"start":{"line":97,"column":17},"end":{"line":138,"column":null}},"4":{"start":{"line":140,"column":17},"end":{"line":164,"column":null}},"5":{"start":{"line":11,"column":18},"end":{"line":11,"column":null}},"6":{"start":{"line":14,"column":2},"end":{"line":21,"column":null}},"7":{"start":{"line":15,"column":3},"end":{"line":19,"column":null}},"8":{"start":{"line":20,"column":3},"end":{"line":20,"column":null}},"9":{"start":{"line":24,"column":2},"end":{"line":28,"column":null}},"10":{"start":{"line":33,"column":2},"end":{"line":33,"column":null}},"11":{"start":{"line":36,"column":18},"end":{"line":36,"column":null}},"12":{"start":{"line":39,"column":2},"end":{"line":46,"column":null}},"13":{"start":{"line":40,"column":3},"end":{"line":44,"column":null}},"14":{"start":{"line":45,"column":3},"end":{"line":45,"column":null}},"15":{"start":{"line":49,"column":2},"end":{"line":53,"column":null}},"16":{"start":{"line":74,"column":18},"end":{"line":74,"column":null}},"17":{"start":{"line":80,"column":2},"end":{"line":87,"column":null}},"18":{"start":{"line":81,"column":3},"end":{"line":85,"column":null}},"19":{"start":{"line":86,"column":3},"end":{"line":86,"column":null}},"20":{"start":{"line":90,"column":2},"end":{"line":94,"column":null}},"21":{"start":{"line":115,"column":2},"end":{"line":115,"column":null}},"22":{"start":{"line":120,"column":18},"end":{"line":120,"column":null}},"23":{"start":{"line":123,"column":2},"end":{"line":130,"column":null}},"24":{"start":{"line":124,"column":3},"end":{"line":128,"column":null}},"25":{"start":{"line":129,"column":3},"end":{"line":129,"column":null}},"26":{"start":{"line":133,"column":2},"end":{"line":137,"column":null}},"27":{"start":{"line":141,"column":2},"end":{"line":141,"column":null}},"28":{"start":{"line":146,"column":18},"end":{"line":146,"column":null}},"29":{"start":{"line":149,"column":2},"end":{"line":156,"column":null}},"30":{"start":{"line":150,"column":3},"end":{"line":154,"column":null}},"31":{"start":{"line":155,"column":3},"end":{"line":155,"column":null}},"32":{"start":{"line":159,"column":2},"end":{"line":163,"column":null}}},"fnMap":{"0":{"name":"(anonymous_0)","decl":{"start":{"line":9,"column":16},"end":{"line":9,"column":23}},"loc":{"start":{"line":9,"column":56},"end":{"line":29,"column":null}},"line":9},"1":{"name":"(anonymous_1)","decl":{"start":{"line":31,"column":20},"end":{"line":31,"column":27}},"loc":{"start":{"line":31,"column":59},"end":{"line":54,"column":null}},"line":31},"2":{"name":"(anonymous_2)","decl":{"start":{"line":56,"column":17},"end":{"line":56,"column":24}},"loc":{"start":{"line":56,"column":56},"end":{"line":95,"column":null}},"line":56},"3":{"name":"(anonymous_3)","decl":{"start":{"line":97,"column":17},"end":{"line":97,"column":24}},"loc":{"start":{"line":97,"column":56},"end":{"line":138,"column":null}},"line":97},"4":{"name":"(anonymous_4)","decl":{"start":{"line":140,"column":17},"end":{"line":140,"column":24}},"loc":{"start":{"line":140,"column":56},"end":{"line":164,"column":null}},"line":140}},"branchMap":{"0":{"loc":{"start":{"line":14,"column":2},"end":{"line":21,"column":null}},"type":"if","locations":[{"start":{"line":14,"column":2},"end":{"line":21,"column":null}},{"start":{},"end":{}}],"line":14},"1":{"loc":{"start":{"line":18,"column":5},"end":{"line":18,"column":null}},"type":"cond-expr","locations":[{"start":{"line":18,"column":45},"end":{"line":18,"column":55}},{"start":{"line":18,"column":55},"end":{"line":18,"column":null}}],"line":18},"2":{"loc":{"start":{"line":39,"column":2},"end":{"line":46,"column":null}},"type":"if","locations":[{"start":{"line":39,"column":2},"end":{"line":46,"column":null}},{"start":{},"end":{}}],"line":39},"3":{"loc":{"start":{"line":43,"column":5},"end":{"line":43,"column":null}},"type":"cond-expr","locations":[{"start":{"line":43,"column":45},"end":{"line":43,"column":55}},{"start":{"line":43,"column":55},"end":{"line":43,"column":null}}],"line":43},"4":{"loc":{"start":{"line":80,"column":2},"end":{"line":87,"column":null}},"type":"if","locations":[{"start":{"line":80,"column":2},"end":{"line":87,"column":null}},{"start":{},"end":{}}],"line":80},"5":{"loc":{"start":{"line":84,"column":5},"end":{"line":84,"column":null}},"type":"cond-expr","locations":[{"start":{"line":84,"column":45},"end":{"line":84,"column":55}},{"start":{"line":84,"column":55},"end":{"line":84,"column":null}}],"line":84},"6":{"loc":{"start":{"line":123,"column":2},"end":{"line":130,"column":null}},"type":"if","locations":[{"start":{"line":123,"column":2},"end":{"line":130,"column":null}},{"start":{},"end":{}}],"line":123},"7":{"loc":{"start":{"line":127,"column":5},"end":{"line":127,"column":null}},"type":"cond-expr","locations":[{"start":{"line":127,"column":45},"end":{"line":127,"column":55}},{"start":{"line":127,"column":55},"end":{"line":127,"column":null}}],"line":127},"8":{"loc":{"start":{"line":149,"column":2},"end":{"line":156,"column":null}},"type":"if","locations":[{"start":{"line":149,"column":2},"end":{"line":156,"column":null}},{"start":{},"end":{}}],"line":149},"9":{"loc":{"start":{"line":153,"column":5},"end":{"line":153,"column":null}},"type":"cond-expr","locations":[{"start":{"line":153,"column":45},"end":{"line":153,"column":55}},{"start":{"line":153,"column":55},"end":{"line":153,"column":null}}],"line":153}},"s":{"0":0,"1":0,"2":0,"3":0,"4":0,"5":0,"6":0,"7":0,"8":0,"9":0,"10":0,"11":0,"12":0,"13":0,"14":0,"15":0,"16":0,"17":0,"18":0,"19":0,"20":0,"21":0,"22":0,"23":0,"24":0,"25":0,"26":0,"27":0,"28":0,"29":0,"30":0,"31":0,"32":0},"f":{"0":0,"1":0,"2":0,"3":0,"4":0},"b":{"0":[0,0],"1":[0,0],"2":[0,0],"3":[0,0],"4":[0,0],"5":[0,0],"6":[0,0],"7":[0,0],"8":[0,0],"9":[0,0]},"meta":{"lastBranch":10,"lastFunction":5,"lastStatement":33,"seen":{"s:9:16:29:Infinity":0,"s:31:20:54:Infinity":1,"s:56:17:95:Infinity":2,"s:97:17:138:Infinity":3,"s:140:17:164:Infinity":4,"f:9:16:9:23":0,"s:11:18:11:Infinity":5,"b:14:2:21:Infinity:undefined:undefined:undefined:undefined":0,"s:14:2:21:Infinity":6,"s:15:3:19:Infinity":7,"b:18:45:18:55:18:55:18:Infinity":1,"s:20:3:20:Infinity":8,"s:24:2:28:Infinity":9,"f:31:20:31:27":1,"s:33:2:33:Infinity":10,"s:36:18:36:Infinity":11,"b:39:2:46:Infinity:undefined:undefined:undefined:undefined":2,"s:39:2:46:Infinity":12,"s:40:3:44:Infinity":13,"b:43:45:43:55:43:55:43:Infinity":3,"s:45:3:45:Infinity":14,"s:49:2:53:Infinity":15,"f:56:17:56:24":2,"s:74:18:74:Infinity":16,"b:80:2:87:Infinity:undefined:undefined:undefined:undefined":4,"s:80:2:87:Infinity":17,"s:81:3:85:Infinity":18,"b:84:45:84:55:84:55:84:Infinity":5,"s:86:3:86:Infinity":19,"s:90:2:94:Infinity":20,"f:97:17:97:24":3,"s:115:2:115:Infinity":21,"s:120:18:120:Infinity":22,"b:123:2:130:Infinity:undefined:undefined:undefined:undefined":6,"s:123:2:130:Infinity":23,"s:124:3:128:Infinity":24,"b:127:45:127:55:127:55:127:Infinity":7,"s:129:3:129:Infinity":25,"s:133:2:137:Infinity":26,"f:140:17:140:24":4,"s:141:2:141:Infinity":27,"s:146:18:146:Infinity":28,"b:149:2:156:Infinity:undefined:undefined:undefined:undefined":8,"s:149:2:156:Infinity":29,"s:150:3:154:Infinity":30,"b:153:45:153:55:153:55:153:Infinity":9,"s:155:3:155:Infinity":31,"s:159:2:163:Infinity":32}}}
,"/app/server/controller/orderable_controller.ts": {"path":"/app/server/controller/orderable_controller.ts","statementMap":{"0":{"start":{"line":6,"column":16},"end":{"line":26,"column":null}},"1":{"start":{"line":27,"column":20},"end":{"line":50,"column":null}},"2":{"start":{"line":52,"column":17},"end":{"line":77,"column":null}},"3":{"start":{"line":8,"column":18},"end":{"line":8,"column":null}},"4":{"start":{"line":11,"column":2},"end":{"line":18,"column":null}},"5":{"start":{"line":12,"column":3},"end":{"line":16,"column":null}},"6":{"start":{"line":17,"column":3},"end":{"line":17,"column":null}},"7":{"start":{"line":21,"column":2},"end":{"line":25,"column":null}},"8":{"start":{"line":29,"column":2},"end":{"line":29,"column":null}},"9":{"start":{"line":32,"column":18},"end":{"line":32,"column":null}},"10":{"start":{"line":35,"column":2},"end":{"line":42,"column":null}},"11":{"start":{"line":36,"column":3},"end":{"line":40,"column":null}},"12":{"start":{"line":41,"column":3},"end":{"line":41,"column":null}},"13":{"start":{"line":45,"column":2},"end":{"line":49,"column":null}},"14":{"start":{"line":59,"column":18},"end":{"line":59,"column":null}},"15":{"start":{"line":62,"column":2},"end":{"line":69,"column":null}},"16":{"start":{"line":63,"column":3},"end":{"line":67,"column":null}},"17":{"start":{"line":68,"column":3},"end":{"line":68,"column":null}},"18":{"start":{"line":72,"column":2},"end":{"line":76,"column":null}}},"fnMap":{"0":{"name":"(anonymous_0)","decl":{"start":{"line":6,"column":16},"end":{"line":6,"column":23}},"loc":{"start":{"line":6,"column":56},"end":{"line":26,"column":null}},"line":6},"1":{"name":"(anonymous_1)","decl":{"start":{"line":27,"column":20},"end":{"line":27,"column":27}},"loc":{"start":{"line":27,"column":59},"end":{"line":50,"column":null}},"line":27},"2":{"name":"(anonymous_2)","decl":{"start":{"line":52,"column":17},"end":{"line":52,"column":24}},"loc":{"start":{"line":52,"column":56},"end":{"line":77,"column":null}},"line":52}},"branchMap":{"0":{"loc":{"start":{"line":11,"column":2},"end":{"line":18,"column":null}},"type":"if","locations":[{"start":{"line":11,"column":2},"end":{"line":18,"column":null}},{"start":{},"end":{}}],"line":11},"1":{"loc":{"start":{"line":15,"column":5},"end":{"line":15,"column":null}},"type":"cond-expr","locations":[{"start":{"line":15,"column":45},"end":{"line":15,"column":55}},{"start":{"line":15,"column":55},"end":{"line":15,"column":null}}],"line":15},"2":{"loc":{"start":{"line":35,"column":2},"end":{"line":42,"column":null}},"type":"if","locations":[{"start":{"line":35,"column":2},"end":{"line":42,"column":null}},{"start":{},"end":{}}],"line":35},"3":{"loc":{"start":{"line":39,"column":5},"end":{"line":39,"column":null}},"type":"cond-expr","locations":[{"start":{"line":39,"column":45},"end":{"line":39,"column":55}},{"start":{"line":39,"column":55},"end":{"line":39,"column":null}}],"line":39},"4":{"loc":{"start":{"line":62,"column":2},"end":{"line":69,"column":null}},"type":"if","locations":[{"start":{"line":62,"column":2},"end":{"line":69,"column":null}},{"start":{},"end":{}}],"line":62},"5":{"loc":{"start":{"line":66,"column":5},"end":{"line":66,"column":null}},"type":"cond-expr","locations":[{"start":{"line":66,"column":45},"end":{"line":66,"column":55}},{"start":{"line":66,"column":55},"end":{"line":66,"column":null}}],"line":66}},"s":{"0":0,"1":0,"2":0,"3":0,"4":0,"5":0,"6":0,"7":0,"8":0,"9":0,"10":0,"11":0,"12":0,"13":0,"14":0,"15":0,"16":0,"17":0,"18":0},"f":{"0":0,"1":0,"2":0},"b":{"0":[0,0],"1":[0,0],"2":[0,0],"3":[0,0],"4":[0,0],"5":[0,0]},"meta":{"lastBranch":6,"lastFunction":3,"lastStatement":19,"seen":{"s:6:16:26:Infinity":0,"s:27:20:50:Infinity":1,"s:52:17:77:Infinity":2,"f:6:16:6:23":0,"s:8:18:8:Infinity":3,"b:11:2:18:Infinity:undefined:undefined:undefined:undefined":0,"s:11:2:18:Infinity":4,"s:12:3:16:Infinity":5,"b:15:45:15:55:15:55:15:Infinity":1,"s:17:3:17:Infinity":6,"s:21:2:25:Infinity":7,"f:27:20:27:27":1,"s:29:2:29:Infinity":8,"s:32:18:32:Infinity":9,"b:35:2:42:Infinity:undefined:undefined:undefined:undefined":2,"s:35:2:42:Infinity":10,"s:36:3:40:Infinity":11,"b:39:45:39:55:39:55:39:Infinity":3,"s:41:3:41:Infinity":12,"s:45:2:49:Infinity":13,"f:52:17:52:24":2,"s:59:18:59:Infinity":14,"b:62:2:69:Infinity:undefined:undefined:undefined:undefined":4,"s:62:2:69:Infinity":15,"s:63:3:67:Infinity":16,"b:66:45:66:55:66:55:66:Infinity":5,"s:68:3:68:Infinity":17,"s:72:2:76:Infinity":18}}}
,"/app/server/controller/orderable_spice_controller.ts": {"path":"/app/server/controller/orderable_spice_controller.ts","statementMap":{"0":{"start":{"line":6,"column":16},"end":{"line":26,"column":null}},"1":{"start":{"line":27,"column":20},"end":{"line":50,"column":null}},"2":{"start":{"line":8,"column":18},"end":{"line":8,"column":null}},"3":{"start":{"line":11,"column":2},"end":{"line":18,"column":null}},"4":{"start":{"line":12,"column":3},"end":{"line":16,"column":null}},"5":{"start":{"line":17,"column":3},"end":{"line":17,"column":null}},"6":{"start":{"line":21,"column":2},"end":{"line":25,"column":null}},"7":{"start":{"line":29,"column":2},"end":{"line":29,"column":null}},"8":{"start":{"line":32,"column":18},"end":{"line":32,"column":null}},"9":{"start":{"line":35,"column":2},"end":{"line":42,"column":null}},"10":{"start":{"line":36,"column":3},"end":{"line":40,"column":null}},"11":{"start":{"line":41,"column":3},"end":{"line":41,"column":null}},"12":{"start":{"line":45,"column":2},"end":{"line":49,"column":null}}},"fnMap":{"0":{"name":"(anonymous_0)","decl":{"start":{"line":6,"column":16},"end":{"line":6,"column":23}},"loc":{"start":{"line":6,"column":56},"end":{"line":26,"column":null}},"line":6},"1":{"name":"(anonymous_1)","decl":{"start":{"line":27,"column":20},"end":{"line":27,"column":27}},"loc":{"start":{"line":27,"column":59},"end":{"line":50,"column":null}},"line":27}},"branchMap":{"0":{"loc":{"start":{"line":11,"column":2},"end":{"line":18,"column":null}},"type":"if","locations":[{"start":{"line":11,"column":2},"end":{"line":18,"column":null}},{"start":{},"end":{}}],"line":11},"1":{"loc":{"start":{"line":15,"column":5},"end":{"line":15,"column":null}},"type":"cond-expr","locations":[{"start":{"line":15,"column":45},"end":{"line":15,"column":55}},{"start":{"line":15,"column":55},"end":{"line":15,"column":null}}],"line":15},"2":{"loc":{"start":{"line":35,"column":2},"end":{"line":42,"column":null}},"type":"if","locations":[{"start":{"line":35,"column":2},"end":{"line":42,"column":null}},{"start":{},"end":{}}],"line":35},"3":{"loc":{"start":{"line":39,"column":5},"end":{"line":39,"column":null}},"type":"cond-expr","locations":[{"start":{"line":39,"column":45},"end":{"line":39,"column":55}},{"start":{"line":39,"column":55},"end":{"line":39,"column":null}}],"line":39}},"s":{"0":0,"1":0,"2":0,"3":0,"4":0,"5":0,"6":0,"7":0,"8":0,"9":0,"10":0,"11":0,"12":0},"f":{"0":0,"1":0},"b":{"0":[0,0],"1":[0,0],"2":[0,0],"3":[0,0]},"meta":{"lastBranch":4,"lastFunction":2,"lastStatement":13,"seen":{"s:6:16:26:Infinity":0,"s:27:20:50:Infinity":1,"f:6:16:6:23":0,"s:8:18:8:Infinity":2,"b:11:2:18:Infinity:undefined:undefined:undefined:undefined":0,"s:11:2:18:Infinity":3,"s:12:3:16:Infinity":4,"b:15:45:15:55:15:55:15:Infinity":1,"s:17:3:17:Infinity":5,"s:21:2:25:Infinity":6,"f:27:20:27:27":1,"s:29:2:29:Infinity":7,"s:32:18:32:Infinity":8,"b:35:2:42:Infinity:undefined:undefined:undefined:undefined":2,"s:35:2:42:Infinity":9,"s:36:3:40:Infinity":10,"b:39:45:39:55:39:55:39:Infinity":3,"s:41:3:41:Infinity":11,"s:45:2:49:Infinity":12}}}
,"/app/server/controller/orderable_type_controller.ts": {"path":"/app/server/controller/orderable_type_controller.ts","statementMap":{"0":{"start":{"line":6,"column":16},"end":{"line":26,"column":null}},"1":{"start":{"line":27,"column":20},"end":{"line":50,"column":null}},"2":{"start":{"line":8,"column":18},"end":{"line":8,"column":null}},"3":{"start":{"line":11,"column":2},"end":{"line":18,"column":null}},"4":{"start":{"line":12,"column":3},"end":{"line":16,"column":null}},"5":{"start":{"line":17,"column":3},"end":{"line":17,"column":null}},"6":{"start":{"line":21,"column":2},"end":{"line":25,"column":null}},"7":{"start":{"line":29,"column":2},"end":{"line":29,"column":null}},"8":{"start":{"line":32,"column":18},"end":{"line":32,"column":null}},"9":{"start":{"line":35,"column":2},"end":{"line":42,"column":null}},"10":{"start":{"line":36,"column":3},"end":{"line":40,"column":null}},"11":{"start":{"line":41,"column":3},"end":{"line":41,"column":null}},"12":{"start":{"line":45,"column":2},"end":{"line":49,"column":null}}},"fnMap":{"0":{"name":"(anonymous_0)","decl":{"start":{"line":6,"column":16},"end":{"line":6,"column":23}},"loc":{"start":{"line":6,"column":56},"end":{"line":26,"column":null}},"line":6},"1":{"name":"(anonymous_1)","decl":{"start":{"line":27,"column":20},"end":{"line":27,"column":27}},"loc":{"start":{"line":27,"column":59},"end":{"line":50,"column":null}},"line":27}},"branchMap":{"0":{"loc":{"start":{"line":11,"column":2},"end":{"line":18,"column":null}},"type":"if","locations":[{"start":{"line":11,"column":2},"end":{"line":18,"column":null}},{"start":{},"end":{}}],"line":11},"1":{"loc":{"start":{"line":15,"column":5},"end":{"line":15,"column":null}},"type":"cond-expr","locations":[{"start":{"line":15,"column":45},"end":{"line":15,"column":55}},{"start":{"line":15,"column":55},"end":{"line":15,"column":null}}],"line":15},"2":{"loc":{"start":{"line":35,"column":2},"end":{"line":42,"column":null}},"type":"if","locations":[{"start":{"line":35,"column":2},"end":{"line":42,"column":null}},{"start":{},"end":{}}],"line":35},"3":{"loc":{"start":{"line":39,"column":5},"end":{"line":39,"column":null}},"type":"cond-expr","locations":[{"start":{"line":39,"column":45},"end":{"line":39,"column":55}},{"start":{"line":39,"column":55},"end":{"line":39,"column":null}}],"line":39}},"s":{"0":0,"1":0,"2":0,"3":0,"4":0,"5":0,"6":0,"7":0,"8":0,"9":0,"10":0,"11":0,"12":0},"f":{"0":0,"1":0},"b":{"0":[0,0],"1":[0,0],"2":[0,0],"3":[0,0]},"meta":{"lastBranch":4,"lastFunction":2,"lastStatement":13,"seen":{"s:6:16:26:Infinity":0,"s:27:20:50:Infinity":1,"f:6:16:6:23":0,"s:8:18:8:Infinity":2,"b:11:2:18:Infinity:undefined:undefined:undefined:undefined":0,"s:11:2:18:Infinity":3,"s:12:3:16:Infinity":4,"b:15:45:15:55:15:55:15:Infinity":1,"s:17:3:17:Infinity":5,"s:21:2:25:Infinity":6,"f:27:20:27:27":1,"s:29:2:29:Infinity":7,"s:32:18:32:Infinity":8,"b:35:2:42:Infinity:undefined:undefined:undefined:undefined":2,"s:35:2:42:Infinity":9,"s:36:3:40:Infinity":10,"b:39:45:39:55:39:55:39:Infinity":3,"s:41:3:41:Infinity":11,"s:45:2:49:Infinity":12}}}
,"/app/server/controller/role_controller.ts": {"path":"/app/server/controller/role_controller.ts","statementMap":{"0":{"start":{"line":6,"column":19},"end":{"line":26,"column":null}},"1":{"start":{"line":27,"column":23},"end":{"line":51,"column":null}},"2":{"start":{"line":8,"column":24},"end":{"line":8,"column":null}},"3":{"start":{"line":11,"column":8},"end":{"line":18,"column":null}},"4":{"start":{"line":12,"column":12},"end":{"line":16,"column":null}},"5":{"start":{"line":17,"column":12},"end":{"line":17,"column":null}},"6":{"start":{"line":21,"column":8},"end":{"line":25,"column":null}},"7":{"start":{"line":29,"column":8},"end":{"line":29,"column":null}},"8":{"start":{"line":33,"column":24},"end":{"line":33,"column":null}},"9":{"start":{"line":36,"column":8},"end":{"line":43,"column":null}},"10":{"start":{"line":37,"column":12},"end":{"line":41,"column":null}},"11":{"start":{"line":42,"column":12},"end":{"line":42,"column":null}},"12":{"start":{"line":46,"column":8},"end":{"line":50,"column":null}}},"fnMap":{"0":{"name":"(anonymous_0)","decl":{"start":{"line":6,"column":19},"end":{"line":6,"column":26}},"loc":{"start":{"line":6,"column":59},"end":{"line":26,"column":null}},"line":6},"1":{"name":"(anonymous_1)","decl":{"start":{"line":27,"column":23},"end":{"line":27,"column":30}},"loc":{"start":{"line":27,"column":62},"end":{"line":51,"column":null}},"line":27}},"branchMap":{"0":{"loc":{"start":{"line":11,"column":8},"end":{"line":18,"column":null}},"type":"if","locations":[{"start":{"line":11,"column":8},"end":{"line":18,"column":null}},{"start":{},"end":{}}],"line":11},"1":{"loc":{"start":{"line":15,"column":20},"end":{"line":15,"column":null}},"type":"cond-expr","locations":[{"start":{"line":15,"column":60},"end":{"line":15,"column":70}},{"start":{"line":15,"column":70},"end":{"line":15,"column":null}}],"line":15},"2":{"loc":{"start":{"line":36,"column":8},"end":{"line":43,"column":null}},"type":"if","locations":[{"start":{"line":36,"column":8},"end":{"line":43,"column":null}},{"start":{},"end":{}}],"line":36},"3":{"loc":{"start":{"line":40,"column":20},"end":{"line":40,"column":null}},"type":"cond-expr","locations":[{"start":{"line":40,"column":60},"end":{"line":40,"column":70}},{"start":{"line":40,"column":70},"end":{"line":40,"column":null}}],"line":40}},"s":{"0":0,"1":0,"2":0,"3":0,"4":0,"5":0,"6":0,"7":0,"8":0,"9":0,"10":0,"11":0,"12":0},"f":{"0":0,"1":0},"b":{"0":[0,0],"1":[0,0],"2":[0,0],"3":[0,0]},"meta":{"lastBranch":4,"lastFunction":2,"lastStatement":13,"seen":{"s:6:19:26:Infinity":0,"s:27:23:51:Infinity":1,"f:6:19:6:26":0,"s:8:24:8:Infinity":2,"b:11:8:18:Infinity:undefined:undefined:undefined:undefined":0,"s:11:8:18:Infinity":3,"s:12:12:16:Infinity":4,"b:15:60:15:70:15:70:15:Infinity":1,"s:17:12:17:Infinity":5,"s:21:8:25:Infinity":6,"f:27:23:27:30":1,"s:29:8:29:Infinity":7,"s:33:24:33:Infinity":8,"b:36:8:43:Infinity:undefined:undefined:undefined:undefined":2,"s:36:8:43:Infinity":9,"s:37:12:41:Infinity":10,"b:40:60:40:70:40:70:40:Infinity":3,"s:42:12:42:Infinity":11,"s:46:8:50:Infinity":12}}}
,"/app/server/controller/security_controller.ts": {"path":"/app/server/controller/security_controller.ts","statementMap":{"0":{"start":{"line":9,"column":19},"end":{"line":32,"column":null}},"1":{"start":{"line":34,"column":16},"end":{"line":89,"column":null}},"2":{"start":{"line":11,"column":18},"end":{"line":14,"column":null}},"3":{"start":{"line":17,"column":2},"end":{"line":24,"column":null}},"4":{"start":{"line":18,"column":3},"end":{"line":22,"column":null}},"5":{"start":{"line":23,"column":3},"end":{"line":23,"column":null}},"6":{"start":{"line":27,"column":2},"end":{"line":31,"column":null}},"7":{"start":{"line":36,"column":16},"end":{"line":36,"column":null}},"8":{"start":{"line":39,"column":2},"end":{"line":47,"column":null}},"9":{"start":{"line":40,"column":3},"end":{"line":44,"column":null}},"10":{"start":{"line":46,"column":3},"end":{"line":46,"column":null}},"11":{"start":{"line":50,"column":2},"end":{"line":60,"column":null}},"12":{"start":{"line":51,"column":3},"end":{"line":57,"column":null}},"13":{"start":{"line":59,"column":3},"end":{"line":59,"column":null}},"14":{"start":{"line":63,"column":2},"end":{"line":63,"column":null}},"15":{"start":{"line":66,"column":26},"end":{"line":69,"column":null}},"16":{"start":{"line":71,"column":2},"end":{"line":81,"column":null}},"17":{"start":{"line":72,"column":3},"end":{"line":78,"column":null}},"18":{"start":{"line":80,"column":3},"end":{"line":80,"column":null}},"19":{"start":{"line":84,"column":2},"end":{"line":88,"column":null}}},"fnMap":{"0":{"name":"(anonymous_0)","decl":{"start":{"line":9,"column":19},"end":{"line":9,"column":26}},"loc":{"start":{"line":9,"column":58},"end":{"line":32,"column":null}},"line":9},"1":{"name":"(anonymous_1)","decl":{"start":{"line":34,"column":16},"end":{"line":34,"column":23}},"loc":{"start":{"line":34,"column":55},"end":{"line":89,"column":null}},"line":34}},"branchMap":{"0":{"loc":{"start":{"line":17,"column":2},"end":{"line":24,"column":null}},"type":"if","locations":[{"start":{"line":17,"column":2},"end":{"line":24,"column":null}},{"start":{},"end":{}}],"line":17},"1":{"loc":{"start":{"line":21,"column":5},"end":{"line":21,"column":null}},"type":"cond-expr","locations":[{"start":{"line":21,"column":45},"end":{"line":21,"column":55}},{"start":{"line":21,"column":55},"end":{"line":21,"column":null}}],"line":21},"2":{"loc":{"start":{"line":39,"column":2},"end":{"line":47,"column":null}},"type":"if","locations":[{"start":{"line":39,"column":2},"end":{"line":47,"column":null}},{"start":{},"end":{}}],"line":39},"3":{"loc":{"start":{"line":43,"column":5},"end":{"line":43,"column":null}},"type":"cond-expr","locations":[{"start":{"line":43,"column":45},"end":{"line":43,"column":55}},{"start":{"line":43,"column":55},"end":{"line":43,"column":null}}],"line":43},"4":{"loc":{"start":{"line":50,"column":2},"end":{"line":60,"column":null}},"type":"if","locations":[{"start":{"line":50,"column":2},"end":{"line":60,"column":null}},{"start":{},"end":{}}],"line":50},"5":{"loc":{"start":{"line":54,"column":5},"end":{"line":56,"column":null}},"type":"cond-expr","locations":[{"start":{"line":55,"column":8},"end":{"line":55,"column":null}},{"start":{"line":56,"column":8},"end":{"line":56,"column":null}}],"line":54},"6":{"loc":{"start":{"line":71,"column":2},"end":{"line":81,"column":null}},"type":"if","locations":[{"start":{"line":71,"column":2},"end":{"line":81,"column":null}},{"start":{},"end":{}}],"line":71},"7":{"loc":{"start":{"line":75,"column":5},"end":{"line":77,"column":null}},"type":"cond-expr","locations":[{"start":{"line":76,"column":8},"end":{"line":76,"column":null}},{"start":{"line":77,"column":8},"end":{"line":77,"column":null}}],"line":75}},"s":{"0":0,"1":0,"2":0,"3":0,"4":0,"5":0,"6":0,"7":0,"8":0,"9":0,"10":0,"11":0,"12":0,"13":0,"14":0,"15":0,"16":0,"17":0,"18":0,"19":0},"f":{"0":0,"1":0},"b":{"0":[0,0],"1":[0,0],"2":[0,0],"3":[0,0],"4":[0,0],"5":[0,0],"6":[0,0],"7":[0,0]},"meta":{"lastBranch":8,"lastFunction":2,"lastStatement":20,"seen":{"s:9:19:32:Infinity":0,"s:34:16:89:Infinity":1,"f:9:19:9:26":0,"s:11:18:14:Infinity":2,"b:17:2:24:Infinity:undefined:undefined:undefined:undefined":0,"s:17:2:24:Infinity":3,"s:18:3:22:Infinity":4,"b:21:45:21:55:21:55:21:Infinity":1,"s:23:3:23:Infinity":5,"s:27:2:31:Infinity":6,"f:34:16:34:23":1,"s:36:16:36:Infinity":7,"b:39:2:47:Infinity:undefined:undefined:undefined:undefined":2,"s:39:2:47:Infinity":8,"s:40:3:44:Infinity":9,"b:43:45:43:55:43:55:43:Infinity":3,"s:46:3:46:Infinity":10,"b:50:2:60:Infinity:undefined:undefined:undefined:undefined":4,"s:50:2:60:Infinity":11,"s:51:3:57:Infinity":12,"b:55:8:55:Infinity:56:8:56:Infinity":5,"s:59:3:59:Infinity":13,"s:63:2:63:Infinity":14,"s:66:26:69:Infinity":15,"b:71:2:81:Infinity:undefined:undefined:undefined:undefined":6,"s:71:2:81:Infinity":16,"s:72:3:78:Infinity":17,"b:76:8:76:Infinity:77:8:77:Infinity":7,"s:80:3:80:Infinity":18,"s:84:2:88:Infinity":19}}}
,"/app/server/controller/user_controller.ts": {"path":"/app/server/controller/user_controller.ts","statementMap":{"0":{"start":{"line":6,"column":19},"end":{"line":26,"column":null}},"1":{"start":{"line":27,"column":23},"end":{"line":51,"column":null}},"2":{"start":{"line":8,"column":24},"end":{"line":8,"column":null}},"3":{"start":{"line":11,"column":8},"end":{"line":18,"column":null}},"4":{"start":{"line":12,"column":12},"end":{"line":16,"column":null}},"5":{"start":{"line":17,"column":12},"end":{"line":17,"column":null}},"6":{"start":{"line":21,"column":8},"end":{"line":25,"column":null}},"7":{"start":{"line":29,"column":8},"end":{"line":29,"column":null}},"8":{"start":{"line":33,"column":24},"end":{"line":33,"column":null}},"9":{"start":{"line":36,"column":8},"end":{"line":43,"column":null}},"10":{"start":{"line":37,"column":12},"end":{"line":41,"column":null}},"11":{"start":{"line":42,"column":12},"end":{"line":42,"column":null}},"12":{"start":{"line":46,"column":8},"end":{"line":50,"column":null}}},"fnMap":{"0":{"name":"(anonymous_0)","decl":{"start":{"line":6,"column":19},"end":{"line":6,"column":26}},"loc":{"start":{"line":6,"column":59},"end":{"line":26,"column":null}},"line":6},"1":{"name":"(anonymous_1)","decl":{"start":{"line":27,"column":23},"end":{"line":27,"column":30}},"loc":{"start":{"line":27,"column":62},"end":{"line":51,"column":null}},"line":27}},"branchMap":{"0":{"loc":{"start":{"line":11,"column":8},"end":{"line":18,"column":null}},"type":"if","locations":[{"start":{"line":11,"column":8},"end":{"line":18,"column":null}},{"start":{},"end":{}}],"line":11},"1":{"loc":{"start":{"line":15,"column":20},"end":{"line":15,"column":null}},"type":"cond-expr","locations":[{"start":{"line":15,"column":60},"end":{"line":15,"column":70}},{"start":{"line":15,"column":70},"end":{"line":15,"column":null}}],"line":15},"2":{"loc":{"start":{"line":36,"column":8},"end":{"line":43,"column":null}},"type":"if","locations":[{"start":{"line":36,"column":8},"end":{"line":43,"column":null}},{"start":{},"end":{}}],"line":36},"3":{"loc":{"start":{"line":40,"column":20},"end":{"line":40,"column":null}},"type":"cond-expr","locations":[{"start":{"line":40,"column":60},"end":{"line":40,"column":70}},{"start":{"line":40,"column":70},"end":{"line":40,"column":null}}],"line":40}},"s":{"0":0,"1":0,"2":0,"3":0,"4":0,"5":0,"6":0,"7":0,"8":0,"9":0,"10":0,"11":0,"12":0},"f":{"0":0,"1":0},"b":{"0":[0,0],"1":[0,0],"2":[0,0],"3":[0,0]},"meta":{"lastBranch":4,"lastFunction":2,"lastStatement":13,"seen":{"s:6:19:26:Infinity":0,"s:27:23:51:Infinity":1,"f:6:19:6:26":0,"s:8:24:8:Infinity":2,"b:11:8:18:Infinity:undefined:undefined:undefined:undefined":0,"s:11:8:18:Infinity":3,"s:12:12:16:Infinity":4,"b:15:60:15:70:15:70:15:Infinity":1,"s:17:12:17:Infinity":5,"s:21:8:25:Infinity":6,"f:27:23:27:30":1,"s:29:8:29:Infinity":7,"s:33:24:33:Infinity":8,"b:36:8:43:Infinity:undefined:undefined:undefined:undefined":2,"s:36:8:43:Infinity":9,"s:37:12:41:Infinity":10,"b:40:60:40:70:40:70:40:Infinity":3,"s:42:12:42:Infinity":11,"s:46:8:50:Infinity":12}}}
,"/app/server/core/server.ts": {"path":"/app/server/core/server.ts","statementMap":{"0":{"start":{"line":18,"column":9},"end":{"line":18,"column":null}},"1":{"start":{"line":19,"column":18},"end":{"line":19,"column":null}},"2":{"start":{"line":41,"column":23},"end":{"line":61,"column":null}},"3":{"start":{"line":64,"column":22},"end":{"line":66,"column":null}},"4":{"start":{"line":24,"column":2},"end":{"line":24,"column":null}},"5":{"start":{"line":27,"column":2},"end":{"line":31,"column":null}},"6":{"start":{"line":34,"column":2},"end":{"line":34,"column":null}},"7":{"start":{"line":37,"column":2},"end":{"line":37,"column":null}},"8":{"start":{"line":43,"column":2},"end":{"line":43,"column":null}},"9":{"start":{"line":44,"column":2},"end":{"line":44,"column":null}},"10":{"start":{"line":45,"column":2},"end":{"line":45,"column":null}},"11":{"start":{"line":46,"column":2},"end":{"line":46,"column":null}},"12":{"start":{"line":47,"column":2},"end":{"line":47,"column":null}},"13":{"start":{"line":48,"column":2},"end":{"line":51,"column":null}},"14":{"start":{"line":52,"column":2},"end":{"line":55,"column":null}},"15":{"start":{"line":56,"column":2},"end":{"line":56,"column":null}},"16":{"start":{"line":57,"column":2},"end":{"line":57,"column":null}},"17":{"start":{"line":58,"column":2},"end":{"line":58,"column":null}},"18":{"start":{"line":59,"column":2},"end":{"line":59,"column":null}},"19":{"start":{"line":60,"column":2},"end":{"line":60,"column":null}},"20":{"start":{"line":65,"column":2},"end":{"line":65,"column":null}}},"fnMap":{"0":{"name":"(anonymous_0)","decl":{"start":{"line":22,"column":1},"end":{"line":22,"column":15}},"loc":{"start":{"line":22,"column":15},"end":{"line":38,"column":null}},"line":22},"1":{"name":"(anonymous_1)","decl":{"start":{"line":41,"column":23},"end":{"line":41,"column":29}},"loc":{"start":{"line":41,"column":29},"end":{"line":61,"column":null}},"line":41},"2":{"name":"(anonymous_2)","decl":{"start":{"line":64,"column":22},"end":{"line":64,"column":28}},"loc":{"start":{"line":64,"column":28},"end":{"line":66,"column":null}},"line":64}},"branchMap":{},"s":{"0":1,"1":1,"2":1,"3":1,"4":1,"5":1,"6":1,"7":1,"8":1,"9":1,"10":1,"11":1,"12":1,"13":1,"14":1,"15":1,"16":1,"17":1,"18":1,"19":1,"20":1},"f":{"0":1,"1":1,"2":1},"b":{},"meta":{"lastBranch":0,"lastFunction":3,"lastStatement":21,"seen":{"s:18:9:18:Infinity":0,"s:19:18:19:Infinity":1,"s:41:23:61:Infinity":2,"s:64:22:66:Infinity":3,"f:22:1:22:15":0,"s:24:2:24:Infinity":4,"s:27:2:31:Infinity":5,"s:34:2:34:Infinity":6,"s:37:2:37:Infinity":7,"f:41:23:41:29":1,"s:43:2:43:Infinity":8,"s:44:2:44:Infinity":9,"s:45:2:45:Infinity":10,"s:46:2:46:Infinity":11,"s:47:2:47:Infinity":12,"s:48:2:51:Infinity":13,"s:52:2:55:Infinity":14,"s:56:2:56:Infinity":15,"s:57:2:57:Infinity":16,"s:58:2:58:Infinity":17,"s:59:2:59:Infinity":18,"s:60:2:60:Infinity":19,"f:64:22:64:28":2,"s:65:2:65:Infinity":20}}}
,"/app/server/middleware/authorization_middleware.ts": {"path":"/app/server/middleware/authorization_middleware.ts","statementMap":{"0":{"start":{"line":8,"column":20},"end":{"line":50,"column":null}},"1":{"start":{"line":10,"column":2},"end":{"line":49,"column":null}},"2":{"start":{"line":12,"column":17},"end":{"line":12,"column":null}},"3":{"start":{"line":15,"column":3},"end":{"line":29,"column":null}},"4":{"start":{"line":16,"column":19},"end":{"line":16,"column":null}},"5":{"start":{"line":17,"column":4},"end":{"line":17,"column":null}},"6":{"start":{"line":20,"column":4},"end":{"line":26,"column":null}},"7":{"start":{"line":28,"column":4},"end":{"line":28,"column":null}},"8":{"start":{"line":32,"column":19},"end":{"line":32,"column":null}},"9":{"start":{"line":35,"column":3},"end":{"line":45,"column":null}},"10":{"start":{"line":36,"column":4},"end":{"line":42,"column":null}},"11":{"start":{"line":44,"column":4},"end":{"line":44,"column":null}},"12":{"start":{"line":48,"column":3},"end":{"line":48,"column":null}}},"fnMap":{"0":{"name":"(anonymous_0)","decl":{"start":{"line":8,"column":20},"end":{"line":8,"column":21}},"loc":{"start":{"line":8,"column":41},"end":{"line":50,"column":null}},"line":8},"1":{"name":"(anonymous_1)","decl":{"start":{"line":10,"column":9},"end":{"line":10,"column":16}},"loc":{"start":{"line":10,"column":68},"end":{"line":49,"column":null}},"line":10}},"branchMap":{"0":{"loc":{"start":{"line":23,"column":6},"end":{"line":25,"column":null}},"type":"cond-expr","locations":[{"start":{"line":24,"column":9},"end":{"line":24,"column":null}},{"start":{"line":25,"column":10},"end":{"line":25,"column":null}}],"line":23},"1":{"loc":{"start":{"line":35,"column":3},"end":{"line":45,"column":null}},"type":"if","locations":[{"start":{"line":35,"column":3},"end":{"line":45,"column":null}},{"start":{},"end":{}}],"line":35},"2":{"loc":{"start":{"line":39,"column":6},"end":{"line":41,"column":null}},"type":"cond-expr","locations":[{"start":{"line":40,"column":9},"end":{"line":40,"column":null}},{"start":{"line":41,"column":9},"end":{"line":41,"column":null}}],"line":39}},"s":{"0":3,"1":3,"2":0,"3":0,"4":0,"5":0,"6":0,"7":0,"8":0,"9":0,"10":0,"11":0,"12":0},"f":{"0":3,"1":0},"b":{"0":[0,0],"1":[0,0],"2":[0,0]},"meta":{"lastBranch":3,"lastFunction":2,"lastStatement":13,"seen":{"s:8:20:50:Infinity":0,"f:8:20:8:21":0,"s:10:2:49:Infinity":1,"f:10:9:10:16":1,"s:12:17:12:Infinity":2,"s:15:3:29:Infinity":3,"s:16:19:16:Infinity":4,"s:17:4:17:Infinity":5,"s:20:4:26:Infinity":6,"b:24:9:24:Infinity:25:10:25:Infinity":0,"s:28:4:28:Infinity":7,"s:32:19:32:Infinity":8,"b:35:3:45:Infinity:undefined:undefined:undefined:undefined":1,"s:35:3:45:Infinity":9,"s:36:4:42:Infinity":10,"b:40:9:40:Infinity:41:9:41:Infinity":2,"s:44:4:44:Infinity":11,"s:48:3:48:Infinity":12}}}
,"/app/server/repository/category_repository.ts": {"path":"/app/server/repository/category_repository.ts","statementMap":{"0":{"start":{"line":9,"column":17},"end":{"line":9,"column":null}},"1":{"start":{"line":12,"column":20},"end":{"line":70,"column":null}},"2":{"start":{"line":74,"column":20},"end":{"line":123,"column":null}},"3":{"start":{"line":125,"column":17},"end":{"line":196,"column":null}},"4":{"start":{"line":14,"column":21},"end":{"line":14,"column":null}},"5":{"start":{"line":33,"column":14},"end":{"line":43,"column":null}},"6":{"start":{"line":52,"column":2},"end":{"line":69,"column":null}},"7":{"start":{"line":54,"column":19},"end":{"line":54,"column":null}},"8":{"start":{"line":56,"column":3},"end":{"line":64,"column":null}},"9":{"start":{"line":56,"column":16},"end":{"line":56,"column":19}},"10":{"start":{"line":59,"column":20},"end":{"line":59,"column":null}},"11":{"start":{"line":61,"column":4},"end":{"line":63,"column":null}},"12":{"start":{"line":66,"column":3},"end":{"line":66,"column":null}},"13":{"start":{"line":68,"column":3},"end":{"line":68,"column":null}},"14":{"start":{"line":78,"column":21},"end":{"line":78,"column":null}},"15":{"start":{"line":84,"column":14},"end":{"line":99,"column":null}},"16":{"start":{"line":107,"column":2},"end":{"line":122,"column":null}},"17":{"start":{"line":109,"column":19},"end":{"line":109,"column":null}},"18":{"start":{"line":113,"column":19},"end":{"line":113,"column":null}},"19":{"start":{"line":115,"column":3},"end":{"line":117,"column":null}},"20":{"start":{"line":119,"column":3},"end":{"line":119,"column":null}},"21":{"start":{"line":121,"column":3},"end":{"line":121,"column":null}},"22":{"start":{"line":130,"column":21},"end":{"line":130,"column":null}},"23":{"start":{"line":133,"column":12},"end":{"line":135,"column":null}},"24":{"start":{"line":146,"column":2},"end":{"line":195,"column":null}},"25":{"start":{"line":148,"column":3},"end":{"line":148,"column":null}},"26":{"start":{"line":151,"column":3},"end":{"line":151,"column":null}},"27":{"start":{"line":154,"column":3},"end":{"line":154,"column":null}},"28":{"start":{"line":155,"column":3},"end":{"line":155,"column":null}},"29":{"start":{"line":168,"column":19},"end":{"line":171,"column":null}},"30":{"start":{"line":170,"column":20},"end":{"line":170,"column":36}},"31":{"start":{"line":174,"column":3},"end":{"line":178,"column":null}},"32":{"start":{"line":181,"column":19},"end":{"line":181,"column":null}},"33":{"start":{"line":187,"column":3},"end":{"line":187,"column":null}},"34":{"start":{"line":189,"column":3},"end":{"line":189,"column":null}},"35":{"start":{"line":193,"column":3},"end":{"line":193,"column":null}},"36":{"start":{"line":194,"column":3},"end":{"line":194,"column":null}}},"fnMap":{"0":{"name":"(anonymous_0)","decl":{"start":{"line":12,"column":20},"end":{"line":12,"column":63}},"loc":{"start":{"line":12,"column":63},"end":{"line":70,"column":null}},"line":12},"1":{"name":"(anonymous_1)","decl":{"start":{"line":74,"column":20},"end":{"line":74,"column":null}},"loc":{"start":{"line":76,"column":35},"end":{"line":123,"column":null}},"line":76},"2":{"name":"(anonymous_2)","decl":{"start":{"line":125,"column":17},"end":{"line":125,"column":null}},"loc":{"start":{"line":127,"column":38},"end":{"line":196,"column":null}},"line":127},"3":{"name":"(anonymous_3)","decl":{"start":{"line":170,"column":9},"end":{"line":170,"column":10}},"loc":{"start":{"line":170,"column":20},"end":{"line":170,"column":36}},"line":170}},"branchMap":{},"s":{"0":0,"1":0,"2":0,"3":0,"4":0,"5":0,"6":0,"7":0,"8":0,"9":0,"10":0,"11":0,"12":0,"13":0,"14":0,"15":0,"16":0,"17":0,"18":0,"19":0,"20":0,"21":0,"22":0,"23":0,"24":0,"25":0,"26":0,"27":0,"28":0,"29":0,"30":0,"31":0,"32":0,"33":0,"34":0,"35":0,"36":0},"f":{"0":0,"1":0,"2":0,"3":0},"b":{},"meta":{"lastBranch":0,"lastFunction":4,"lastStatement":37,"seen":{"s:9:17:9:Infinity":0,"s:12:20:70:Infinity":1,"s:74:20:123:Infinity":2,"s:125:17:196:Infinity":3,"f:12:20:12:63":0,"s:14:21:14:Infinity":4,"s:33:14:43:Infinity":5,"s:52:2:69:Infinity":6,"s:54:19:54:Infinity":7,"s:56:3:64:Infinity":8,"s:56:16:56:19":9,"s:59:20:59:Infinity":10,"s:61:4:63:Infinity":11,"s:66:3:66:Infinity":12,"s:68:3:68:Infinity":13,"f:74:20:74:Infinity":1,"s:78:21:78:Infinity":14,"s:84:14:99:Infinity":15,"s:107:2:122:Infinity":16,"s:109:19:109:Infinity":17,"s:113:19:113:Infinity":18,"s:115:3:117:Infinity":19,"s:119:3:119:Infinity":20,"s:121:3:121:Infinity":21,"f:125:17:125:Infinity":2,"s:130:21:130:Infinity":22,"s:133:12:135:Infinity":23,"s:146:2:195:Infinity":24,"s:148:3:148:Infinity":25,"s:151:3:151:Infinity":26,"s:154:3:154:Infinity":27,"s:155:3:155:Infinity":28,"s:168:19:171:Infinity":29,"f:170:9:170:10":3,"s:170:20:170:36":30,"s:174:3:178:Infinity":31,"s:181:19:181:Infinity":32,"s:187:3:187:Infinity":33,"s:189:3:189:Infinity":34,"s:193:3:193:Infinity":35,"s:194:3:194:Infinity":36}}}
,"/app/server/repository/contact_repository.ts": {"path":"/app/server/repository/contact_repository.ts","statementMap":{"0":{"start":{"line":6,"column":25},"end":{"line":6,"column":null}},"1":{"start":{"line":9,"column":23},"end":{"line":19,"column":null}},"2":{"start":{"line":22,"column":20},"end":{"line":34,"column":null}},"3":{"start":{"line":11,"column":27},"end":{"line":11,"column":null}},"4":{"start":{"line":14,"column":27},"end":{"line":14,"column":null}},"5":{"start":{"line":16,"column":24},"end":{"line":16,"column":null}},"6":{"start":{"line":18,"column":8},"end":{"line":18,"column":null}},"7":{"start":{"line":26,"column":27},"end":{"line":26,"column":null}},"8":{"start":{"line":29,"column":27},"end":{"line":29,"column":null}},"9":{"start":{"line":31,"column":24},"end":{"line":31,"column":null}},"10":{"start":{"line":33,"column":8},"end":{"line":33,"column":null}}},"fnMap":{"0":{"name":"(anonymous_0)","decl":{"start":{"line":9,"column":23},"end":{"line":9,"column":66}},"loc":{"start":{"line":9,"column":66},"end":{"line":19,"column":null}},"line":9},"1":{"name":"(anonymous_1)","decl":{"start":{"line":22,"column":20},"end":{"line":22,"column":null}},"loc":{"start":{"line":24,"column":47},"end":{"line":34,"column":null}},"line":24}},"branchMap":{},"s":{"0":0,"1":0,"2":0,"3":0,"4":0,"5":0,"6":0,"7":0,"8":0,"9":0,"10":0},"f":{"0":0,"1":0},"b":{},"meta":{"lastBranch":0,"lastFunction":2,"lastStatement":11,"seen":{"s:6:25:6:Infinity":0,"s:9:23:19:Infinity":1,"s:22:20:34:Infinity":2,"f:9:23:9:66":0,"s:11:27:11:Infinity":3,"s:14:27:14:Infinity":4,"s:16:24:16:Infinity":5,"s:18:8:18:Infinity":6,"f:22:20:22:Infinity":1,"s:26:27:26:Infinity":7,"s:29:27:29:Infinity":8,"s:31:24:31:Infinity":9,"s:33:8:33:Infinity":10}}}
,"/app/server/repository/drink_repository.ts": {"path":"/app/server/repository/drink_repository.ts","statementMap":{"0":{"start":{"line":7,"column":17},"end":{"line":7,"column":null}},"1":{"start":{"line":10,"column":20},"end":{"line":42,"column":null}},"2":{"start":{"line":46,"column":20},"end":{"line":78,"column":null}},"3":{"start":{"line":12,"column":21},"end":{"line":12,"column":null}},"4":{"start":{"line":16,"column":14},"end":{"line":19,"column":null}},"5":{"start":{"line":23,"column":2},"end":{"line":41,"column":null}},"6":{"start":{"line":25,"column":19},"end":{"line":25,"column":null}},"7":{"start":{"line":27,"column":3},"end":{"line":36,"column":null}},"8":{"start":{"line":27,"column":16},"end":{"line":27,"column":19}},"9":{"start":{"line":30,"column":20},"end":{"line":30,"column":null}},"10":{"start":{"line":33,"column":4},"end":{"line":35,"column":null}},"11":{"start":{"line":38,"column":3},"end":{"line":38,"column":null}},"12":{"start":{"line":40,"column":3},"end":{"line":40,"column":null}},"13":{"start":{"line":48,"column":21},"end":{"line":48,"column":null}},"14":{"start":{"line":54,"column":14},"end":{"line":57,"column":null}},"15":{"start":{"line":62,"column":2},"end":{"line":77,"column":null}},"16":{"start":{"line":64,"column":19},"end":{"line":64,"column":null}},"17":{"start":{"line":67,"column":19},"end":{"line":67,"column":null}},"18":{"start":{"line":70,"column":3},"end":{"line":72,"column":null}},"19":{"start":{"line":74,"column":3},"end":{"line":74,"column":null}},"20":{"start":{"line":76,"column":3},"end":{"line":76,"column":null}}},"fnMap":{"0":{"name":"(anonymous_0)","decl":{"start":{"line":10,"column":20},"end":{"line":10,"column":60}},"loc":{"start":{"line":10,"column":60},"end":{"line":42,"column":null}},"line":10},"1":{"name":"(anonymous_1)","decl":{"start":{"line":46,"column":20},"end":{"line":46,"column":27}},"loc":{"start":{"line":46,"column":78},"end":{"line":78,"column":null}},"line":46}},"branchMap":{},"s":{"0":0,"1":0,"2":0,"3":0,"4":0,"5":0,"6":0,"7":0,"8":0,"9":0,"10":0,"11":0,"12":0,"13":0,"14":0,"15":0,"16":0,"17":0,"18":0,"19":0,"20":0},"f":{"0":0,"1":0},"b":{},"meta":{"lastBranch":0,"lastFunction":2,"lastStatement":21,"seen":{"s:7:17:7:Infinity":0,"s:10:20:42:Infinity":1,"s:46:20:78:Infinity":2,"f:10:20:10:60":0,"s:12:21:12:Infinity":3,"s:16:14:19:Infinity":4,"s:23:2:41:Infinity":5,"s:25:19:25:Infinity":6,"s:27:3:36:Infinity":7,"s:27:16:27:19":8,"s:30:20:30:Infinity":9,"s:33:4:35:Infinity":10,"s:38:3:38:Infinity":11,"s:40:3:40:Infinity":12,"f:46:20:46:27":1,"s:48:21:48:Infinity":13,"s:54:14:57:Infinity":14,"s:62:2:77:Infinity":15,"s:64:19:64:Infinity":16,"s:67:19:67:Infinity":17,"s:70:3:72:Infinity":18,"s:74:3:74:Infinity":19,"s:76:3:76:Infinity":20}}}
,"/app/server/repository/drink_type_repository.ts": {"path":"/app/server/repository/drink_type_repository.ts","statementMap":{"0":{"start":{"line":7,"column":17},"end":{"line":7,"column":null}},"1":{"start":{"line":10,"column":20},"end":{"line":31,"column":null}},"2":{"start":{"line":35,"column":20},"end":{"line":64,"column":null}},"3":{"start":{"line":12,"column":21},"end":{"line":12,"column":null}},"4":{"start":{"line":16,"column":14},"end":{"line":19,"column":null}},"5":{"start":{"line":23,"column":2},"end":{"line":30,"column":null}},"6":{"start":{"line":25,"column":19},"end":{"line":25,"column":null}},"7":{"start":{"line":27,"column":3},"end":{"line":27,"column":null}},"8":{"start":{"line":29,"column":3},"end":{"line":29,"column":null}},"9":{"start":{"line":39,"column":21},"end":{"line":39,"column":null}},"10":{"start":{"line":45,"column":14},"end":{"line":48,"column":null}},"11":{"start":{"line":53,"column":2},"end":{"line":63,"column":null}},"12":{"start":{"line":55,"column":19},"end":{"line":55,"column":null}},"13":{"start":{"line":58,"column":19},"end":{"line":58,"column":null}},"14":{"start":{"line":60,"column":3},"end":{"line":60,"column":null}},"15":{"start":{"line":62,"column":3},"end":{"line":62,"column":null}}},"fnMap":{"0":{"name":"(anonymous_0)","decl":{"start":{"line":10,"column":20},"end":{"line":10,"column":64}},"loc":{"start":{"line":10,"column":64},"end":{"line":31,"column":null}},"line":10},"1":{"name":"(anonymous_1)","decl":{"start":{"line":35,"column":20},"end":{"line":35,"column":null}},"loc":{"start":{"line":37,"column":35},"end":{"line":64,"column":null}},"line":37}},"branchMap":{},"s":{"0":0,"1":0,"2":0,"3":0,"4":0,"5":0,"6":0,"7":0,"8":0,"9":0,"10":0,"11":0,"12":0,"13":0,"14":0,"15":0},"f":{"0":0,"1":0},"b":{},"meta":{"lastBranch":0,"lastFunction":2,"lastStatement":16,"seen":{"s:7:17:7:Infinity":0,"s:10:20:31:Infinity":1,"s:35:20:64:Infinity":2,"f:10:20:10:64":0,"s:12:21:12:Infinity":3,"s:16:14:19:Infinity":4,"s:23:2:30:Infinity":5,"s:25:19:25:Infinity":6,"s:27:3:27:Infinity":7,"s:29:3:29:Infinity":8,"f:35:20:35:Infinity":1,"s:39:21:39:Infinity":9,"s:45:14:48:Infinity":10,"s:53:2:63:Infinity":11,"s:55:19:55:Infinity":12,"s:58:19:58:Infinity":13,"s:60:3:60:Infinity":14,"s:62:3:62:Infinity":15}}}
,"/app/server/repository/menu_repository.ts": {"path":"/app/server/repository/menu_repository.ts","statementMap":{"0":{"start":{"line":9,"column":17},"end":{"line":9,"column":null}},"1":{"start":{"line":12,"column":20},"end":{"line":76,"column":null}},"2":{"start":{"line":80,"column":20},"end":{"line":128,"column":null}},"3":{"start":{"line":132,"column":17},"end":{"line":204,"column":null}},"4":{"start":{"line":207,"column":17},"end":{"line":285,"column":null}},"5":{"start":{"line":288,"column":17},"end":{"line":335,"column":null}},"6":{"start":{"line":14,"column":21},"end":{"line":14,"column":null}},"7":{"start":{"line":36,"column":14},"end":{"line":52,"column":null}},"8":{"start":{"line":57,"column":2},"end":{"line":75,"column":null}},"9":{"start":{"line":59,"column":19},"end":{"line":59,"column":null}},"10":{"start":{"line":61,"column":3},"end":{"line":70,"column":null}},"11":{"start":{"line":61,"column":16},"end":{"line":61,"column":19}},"12":{"start":{"line":64,"column":20},"end":{"line":64,"column":null}},"13":{"start":{"line":67,"column":4},"end":{"line":69,"column":null}},"14":{"start":{"line":72,"column":3},"end":{"line":72,"column":null}},"15":{"start":{"line":74,"column":3},"end":{"line":74,"column":null}},"16":{"start":{"line":82,"column":21},"end":{"line":82,"column":null}},"17":{"start":{"line":88,"column":14},"end":{"line":105,"column":null}},"18":{"start":{"line":111,"column":2},"end":{"line":127,"column":null}},"19":{"start":{"line":113,"column":19},"end":{"line":113,"column":null}},"20":{"start":{"line":117,"column":19},"end":{"line":117,"column":null}},"21":{"start":{"line":120,"column":3},"end":{"line":122,"column":null}},"22":{"start":{"line":124,"column":3},"end":{"line":124,"column":null}},"23":{"start":{"line":126,"column":3},"end":{"line":126,"column":null}},"24":{"start":{"line":137,"column":21},"end":{"line":137,"column":null}},"25":{"start":{"line":140,"column":12},"end":{"line":142,"column":null}},"26":{"start":{"line":154,"column":2},"end":{"line":203,"column":null}},"27":{"start":{"line":156,"column":3},"end":{"line":156,"column":null}},"28":{"start":{"line":159,"column":3},"end":{"line":159,"column":null}},"29":{"start":{"line":162,"column":3},"end":{"line":162,"column":null}},"30":{"start":{"line":163,"column":3},"end":{"line":163,"column":null}},"31":{"start":{"line":176,"column":20},"end":{"line":179,"column":null}},"32":{"start":{"line":178,"column":20},"end":{"line":178,"column":36}},"33":{"start":{"line":182,"column":3},"end":{"line":186,"column":null}},"34":{"start":{"line":189,"column":19},"end":{"line":189,"column":null}},"35":{"start":{"line":195,"column":3},"end":{"line":195,"column":null}},"36":{"start":{"line":197,"column":3},"end":{"line":197,"column":null}},"37":{"start":{"line":201,"column":3},"end":{"line":201,"column":null}},"38":{"start":{"line":202,"column":3},"end":{"line":202,"column":null}},"39":{"start":{"line":212,"column":21},"end":{"line":212,"column":null}},"40":{"start":{"line":215,"column":12},"end":{"line":223,"column":null}},"41":{"start":{"line":228,"column":2},"end":{"line":284,"column":null}},"42":{"start":{"line":230,"column":3},"end":{"line":230,"column":null}},"43":{"start":{"line":234,"column":3},"end":{"line":234,"column":null}},"44":{"start":{"line":237,"column":3},"end":{"line":239,"column":null}},"45":{"start":{"line":244,"column":3},"end":{"line":244,"column":null}},"46":{"start":{"line":258,"column":20},"end":{"line":261,"column":null}},"47":{"start":{"line":260,"column":20},"end":{"line":260,"column":36}},"48":{"start":{"line":264,"column":3},"end":{"line":268,"column":null}},"49":{"start":{"line":273,"column":19},"end":{"line":273,"column":null}},"50":{"start":{"line":276,"column":3},"end":{"line":276,"column":null}},"51":{"start":{"line":278,"column":3},"end":{"line":278,"column":null}},"52":{"start":{"line":282,"column":3},"end":{"line":282,"column":null}},"53":{"start":{"line":283,"column":3},"end":{"line":283,"column":null}},"54":{"start":{"line":293,"column":21},"end":{"line":293,"column":null}},"55":{"start":{"line":296,"column":12},"end":{"line":298,"column":null}},"56":{"start":{"line":305,"column":2},"end":{"line":334,"column":null}},"57":{"start":{"line":307,"column":3},"end":{"line":307,"column":null}},"58":{"start":{"line":311,"column":3},"end":{"line":311,"column":null}},"59":{"start":{"line":314,"column":3},"end":{"line":318,"column":null}},"60":{"start":{"line":323,"column":19},"end":{"line":323,"column":null}},"61":{"start":{"line":326,"column":3},"end":{"line":326,"column":null}},"62":{"start":{"line":328,"column":3},"end":{"line":328,"column":null}},"63":{"start":{"line":332,"column":3},"end":{"line":332,"column":null}},"64":{"start":{"line":333,"column":3},"end":{"line":333,"column":null}}},"fnMap":{"0":{"name":"(anonymous_0)","decl":{"start":{"line":12,"column":20},"end":{"line":12,"column":59}},"loc":{"start":{"line":12,"column":59},"end":{"line":76,"column":null}},"line":12},"1":{"name":"(anonymous_1)","decl":{"start":{"line":80,"column":20},"end":{"line":80,"column":27}},"loc":{"start":{"line":80,"column":76},"end":{"line":128,"column":null}},"line":80},"2":{"name":"(anonymous_2)","decl":{"start":{"line":132,"column":17},"end":{"line":132,"column":null}},"loc":{"start":{"line":134,"column":38},"end":{"line":204,"column":null}},"line":134},"3":{"name":"(anonymous_3)","decl":{"start":{"line":178,"column":9},"end":{"line":178,"column":10}},"loc":{"start":{"line":178,"column":20},"end":{"line":178,"column":36}},"line":178},"4":{"name":"(anonymous_4)","decl":{"start":{"line":207,"column":17},"end":{"line":207,"column":null}},"loc":{"start":{"line":209,"column":38},"end":{"line":285,"column":null}},"line":209},"5":{"name":"(anonymous_5)","decl":{"start":{"line":260,"column":9},"end":{"line":260,"column":10}},"loc":{"start":{"line":260,"column":20},"end":{"line":260,"column":36}},"line":260},"6":{"name":"(anonymous_6)","decl":{"start":{"line":288,"column":17},"end":{"line":288,"column":null}},"loc":{"start":{"line":290,"column":38},"end":{"line":335,"column":null}},"line":290}},"branchMap":{},"s":{"0":0,"1":0,"2":0,"3":0,"4":0,"5":0,"6":0,"7":0,"8":0,"9":0,"10":0,"11":0,"12":0,"13":0,"14":0,"15":0,"16":0,"17":0,"18":0,"19":0,"20":0,"21":0,"22":0,"23":0,"24":0,"25":0,"26":0,"27":0,"28":0,"29":0,"30":0,"31":0,"32":0,"33":0,"34":0,"35":0,"36":0,"37":0,"38":0,"39":0,"40":0,"41":0,"42":0,"43":0,"44":0,"45":0,"46":0,"47":0,"48":0,"49":0,"50":0,"51":0,"52":0,"53":0,"54":0,"55":0,"56":0,"57":0,"58":0,"59":0,"60":0,"61":0,"62":0,"63":0,"64":0},"f":{"0":0,"1":0,"2":0,"3":0,"4":0,"5":0,"6":0},"b":{},"meta":{"lastBranch":0,"lastFunction":7,"lastStatement":65,"seen":{"s:9:17:9:Infinity":0,"s:12:20:76:Infinity":1,"s:80:20:128:Infinity":2,"s:132:17:204:Infinity":3,"s:207:17:285:Infinity":4,"s:288:17:335:Infinity":5,"f:12:20:12:59":0,"s:14:21:14:Infinity":6,"s:36:14:52:Infinity":7,"s:57:2:75:Infinity":8,"s:59:19:59:Infinity":9,"s:61:3:70:Infinity":10,"s:61:16:61:19":11,"s:64:20:64:Infinity":12,"s:67:4:69:Infinity":13,"s:72:3:72:Infinity":14,"s:74:3:74:Infinity":15,"f:80:20:80:27":1,"s:82:21:82:Infinity":16,"s:88:14:105:Infinity":17,"s:111:2:127:Infinity":18,"s:113:19:113:Infinity":19,"s:117:19:117:Infinity":20,"s:120:3:122:Infinity":21,"s:124:3:124:Infinity":22,"s:126:3:126:Infinity":23,"f:132:17:132:Infinity":2,"s:137:21:137:Infinity":24,"s:140:12:142:Infinity":25,"s:154:2:203:Infinity":26,"s:156:3:156:Infinity":27,"s:159:3:159:Infinity":28,"s:162:3:162:Infinity":29,"s:163:3:163:Infinity":30,"s:176:20:179:Infinity":31,"f:178:9:178:10":3,"s:178:20:178:36":32,"s:182:3:186:Infinity":33,"s:189:19:189:Infinity":34,"s:195:3:195:Infinity":35,"s:197:3:197:Infinity":36,"s:201:3:201:Infinity":37,"s:202:3:202:Infinity":38,"f:207:17:207:Infinity":4,"s:212:21:212:Infinity":39,"s:215:12:223:Infinity":40,"s:228:2:284:Infinity":41,"s:230:3:230:Infinity":42,"s:234:3:234:Infinity":43,"s:237:3:239:Infinity":44,"s:244:3:244:Infinity":45,"s:258:20:261:Infinity":46,"f:260:9:260:10":5,"s:260:20:260:36":47,"s:264:3:268:Infinity":48,"s:273:19:273:Infinity":49,"s:276:3:276:Infinity":50,"s:278:3:278:Infinity":51,"s:282:3:282:Infinity":52,"s:283:3:283:Infinity":53,"f:288:17:288:Infinity":6,"s:293:21:293:Infinity":54,"s:296:12:298:Infinity":55,"s:305:2:334:Infinity":56,"s:307:3:307:Infinity":57,"s:311:3:311:Infinity":58,"s:314:3:318:Infinity":59,"s:323:19:323:Infinity":60,"s:326:3:326:Infinity":61,"s:328:3:328:Infinity":62,"s:332:3:332:Infinity":63,"s:333:3:333:Infinity":64}}}
,"/app/server/repository/orderable_repository.ts": {"path":"/app/server/repository/orderable_repository.ts","statementMap":{"0":{"start":{"line":13,"column":17},"end":{"line":13,"column":null}},"1":{"start":{"line":16,"column":20},"end":{"line":58,"column":null}},"2":{"start":{"line":62,"column":20},"end":{"line":104,"column":null}},"3":{"start":{"line":106,"column":23},"end":{"line":152,"column":null}},"4":{"start":{"line":154,"column":17},"end":{"line":200,"column":null}},"5":{"start":{"line":18,"column":21},"end":{"line":18,"column":null}},"6":{"start":{"line":22,"column":14},"end":{"line":25,"column":null}},"7":{"start":{"line":29,"column":2},"end":{"line":57,"column":null}},"8":{"start":{"line":31,"column":19},"end":{"line":31,"column":null}},"9":{"start":{"line":34,"column":3},"end":{"line":52,"column":null}},"10":{"start":{"line":34,"column":16},"end":{"line":34,"column":19}},"11":{"start":{"line":37,"column":20},"end":{"line":37,"column":null}},"12":{"start":{"line":40,"column":4},"end":{"line":42,"column":null}},"13":{"start":{"line":44,"column":4},"end":{"line":47,"column":null}},"14":{"start":{"line":49,"column":4},"end":{"line":51,"column":null}},"15":{"start":{"line":54,"column":3},"end":{"line":54,"column":null}},"16":{"start":{"line":56,"column":3},"end":{"line":56,"column":null}},"17":{"start":{"line":66,"column":21},"end":{"line":66,"column":null}},"18":{"start":{"line":72,"column":14},"end":{"line":75,"column":null}},"19":{"start":{"line":80,"column":2},"end":{"line":103,"column":null}},"20":{"start":{"line":82,"column":19},"end":{"line":82,"column":null}},"21":{"start":{"line":85,"column":19},"end":{"line":85,"column":null}},"22":{"start":{"line":88,"column":3},"end":{"line":90,"column":null}},"23":{"start":{"line":92,"column":3},"end":{"line":94,"column":null}},"24":{"start":{"line":96,"column":3},"end":{"line":98,"column":null}},"25":{"start":{"line":100,"column":3},"end":{"line":100,"column":null}},"26":{"start":{"line":102,"column":3},"end":{"line":102,"column":null}},"27":{"start":{"line":110,"column":21},"end":{"line":110,"column":null}},"28":{"start":{"line":114,"column":14},"end":{"line":118,"column":null}},"29":{"start":{"line":123,"column":2},"end":{"line":151,"column":null}},"30":{"start":{"line":125,"column":19},"end":{"line":125,"column":null}},"31":{"start":{"line":128,"column":3},"end":{"line":146,"column":null}},"32":{"start":{"line":128,"column":16},"end":{"line":128,"column":19}},"33":{"start":{"line":131,"column":20},"end":{"line":131,"column":null}},"34":{"start":{"line":138,"column":4},"end":{"line":141,"column":null}},"35":{"start":{"line":143,"column":4},"end":{"line":145,"column":null}},"36":{"start":{"line":148,"column":3},"end":{"line":148,"column":null}},"37":{"start":{"line":150,"column":3},"end":{"line":150,"column":null}},"38":{"start":{"line":160,"column":21},"end":{"line":160,"column":null}},"39":{"start":{"line":163,"column":14},"end":{"line":165,"column":null}},"40":{"start":{"line":183,"column":2},"end":{"line":199,"column":null}},"41":{"start":{"line":185,"column":3},"end":{"line":185,"column":null}},"42":{"start":{"line":188,"column":19},"end":{"line":188,"column":null}},"43":{"start":{"line":191,"column":3},"end":{"line":191,"column":null}},"44":{"start":{"line":193,"column":3},"end":{"line":193,"column":null}},"45":{"start":{"line":197,"column":3},"end":{"line":197,"column":null}},"46":{"start":{"line":198,"column":3},"end":{"line":198,"column":null}}},"fnMap":{"0":{"name":"(anonymous_0)","decl":{"start":{"line":16,"column":20},"end":{"line":16,"column":64}},"loc":{"start":{"line":16,"column":64},"end":{"line":58,"column":null}},"line":16},"1":{"name":"(anonymous_1)","decl":{"start":{"line":62,"column":20},"end":{"line":62,"column":null}},"loc":{"start":{"line":64,"column":36},"end":{"line":104,"column":null}},"line":64},"2":{"name":"(anonymous_2)","decl":{"start":{"line":106,"column":23},"end":{"line":106,"column":null}},"loc":{"start":{"line":108,"column":38},"end":{"line":152,"column":null}},"line":108},"3":{"name":"(anonymous_3)","decl":{"start":{"line":154,"column":17},"end":{"line":154,"column":null}},"loc":{"start":{"line":156,"column":38},"end":{"line":200,"column":null}},"line":156}},"branchMap":{},"s":{"0":0,"1":0,"2":0,"3":0,"4":0,"5":0,"6":0,"7":0,"8":0,"9":0,"10":0,"11":0,"12":0,"13":0,"14":0,"15":0,"16":0,"17":0,"18":0,"19":0,"20":0,"21":0,"22":0,"23":0,"24":0,"25":0,"26":0,"27":0,"28":0,"29":0,"30":0,"31":0,"32":0,"33":0,"34":0,"35":0,"36":0,"37":0,"38":0,"39":0,"40":0,"41":0,"42":0,"43":0,"44":0,"45":0,"46":0},"f":{"0":0,"1":0,"2":0,"3":0},"b":{},"meta":{"lastBranch":0,"lastFunction":4,"lastStatement":47,"seen":{"s:13:17:13:Infinity":0,"s:16:20:58:Infinity":1,"s:62:20:104:Infinity":2,"s:106:23:152:Infinity":3,"s:154:17:200:Infinity":4,"f:16:20:16:64":0,"s:18:21:18:Infinity":5,"s:22:14:25:Infinity":6,"s:29:2:57:Infinity":7,"s:31:19:31:Infinity":8,"s:34:3:52:Infinity":9,"s:34:16:34:19":10,"s:37:20:37:Infinity":11,"s:40:4:42:Infinity":12,"s:44:4:47:Infinity":13,"s:49:4:51:Infinity":14,"s:54:3:54:Infinity":15,"s:56:3:56:Infinity":16,"f:62:20:62:Infinity":1,"s:66:21:66:Infinity":17,"s:72:14:75:Infinity":18,"s:80:2:103:Infinity":19,"s:82:19:82:Infinity":20,"s:85:19:85:Infinity":21,"s:88:3:90:Infinity":22,"s:92:3:94:Infinity":23,"s:96:3:98:Infinity":24,"s:100:3:100:Infinity":25,"s:102:3:102:Infinity":26,"f:106:23:106:Infinity":2,"s:110:21:110:Infinity":27,"s:114:14:118:Infinity":28,"s:123:2:151:Infinity":29,"s:125:19:125:Infinity":30,"s:128:3:146:Infinity":31,"s:128:16:128:19":32,"s:131:20:131:Infinity":33,"s:138:4:141:Infinity":34,"s:143:4:145:Infinity":35,"s:148:3:148:Infinity":36,"s:150:3:150:Infinity":37,"f:154:17:154:Infinity":3,"s:160:21:160:Infinity":38,"s:163:14:165:Infinity":39,"s:183:2:199:Infinity":40,"s:185:3:185:Infinity":41,"s:188:19:188:Infinity":42,"s:191:3:191:Infinity":43,"s:193:3:193:Infinity":44,"s:197:3:197:Infinity":45,"s:198:3:198:Infinity":46}}}
,"/app/server/repository/orderable_spice_repository.ts": {"path":"/app/server/repository/orderable_spice_repository.ts","statementMap":{"0":{"start":{"line":7,"column":17},"end":{"line":7,"column":null}},"1":{"start":{"line":10,"column":20},"end":{"line":31,"column":null}},"2":{"start":{"line":35,"column":20},"end":{"line":64,"column":null}},"3":{"start":{"line":12,"column":21},"end":{"line":12,"column":null}},"4":{"start":{"line":16,"column":14},"end":{"line":19,"column":null}},"5":{"start":{"line":23,"column":2},"end":{"line":30,"column":null}},"6":{"start":{"line":25,"column":19},"end":{"line":25,"column":null}},"7":{"start":{"line":27,"column":3},"end":{"line":27,"column":null}},"8":{"start":{"line":29,"column":3},"end":{"line":29,"column":null}},"9":{"start":{"line":39,"column":21},"end":{"line":39,"column":null}},"10":{"start":{"line":45,"column":14},"end":{"line":48,"column":null}},"11":{"start":{"line":53,"column":2},"end":{"line":63,"column":null}},"12":{"start":{"line":55,"column":19},"end":{"line":55,"column":null}},"13":{"start":{"line":58,"column":19},"end":{"line":58,"column":null}},"14":{"start":{"line":60,"column":3},"end":{"line":60,"column":null}},"15":{"start":{"line":62,"column":3},"end":{"line":62,"column":null}}},"fnMap":{"0":{"name":"(anonymous_0)","decl":{"start":{"line":10,"column":20},"end":{"line":10,"column":69}},"loc":{"start":{"line":10,"column":69},"end":{"line":31,"column":null}},"line":10},"1":{"name":"(anonymous_1)","decl":{"start":{"line":35,"column":20},"end":{"line":35,"column":null}},"loc":{"start":{"line":37,"column":40},"end":{"line":64,"column":null}},"line":37}},"branchMap":{},"s":{"0":0,"1":0,"2":0,"3":0,"4":0,"5":0,"6":0,"7":0,"8":0,"9":0,"10":0,"11":0,"12":0,"13":0,"14":0,"15":0},"f":{"0":0,"1":0},"b":{},"meta":{"lastBranch":0,"lastFunction":2,"lastStatement":16,"seen":{"s:7:17:7:Infinity":0,"s:10:20:31:Infinity":1,"s:35:20:64:Infinity":2,"f:10:20:10:69":0,"s:12:21:12:Infinity":3,"s:16:14:19:Infinity":4,"s:23:2:30:Infinity":5,"s:25:19:25:Infinity":6,"s:27:3:27:Infinity":7,"s:29:3:29:Infinity":8,"f:35:20:35:Infinity":1,"s:39:21:39:Infinity":9,"s:45:14:48:Infinity":10,"s:53:2:63:Infinity":11,"s:55:19:55:Infinity":12,"s:58:19:58:Infinity":13,"s:60:3:60:Infinity":14,"s:62:3:62:Infinity":15}}}
,"/app/server/repository/orderable_type_repository.ts": {"path":"/app/server/repository/orderable_type_repository.ts","statementMap":{"0":{"start":{"line":6,"column":17},"end":{"line":6,"column":null}},"1":{"start":{"line":9,"column":20},"end":{"line":30,"column":null}},"2":{"start":{"line":34,"column":20},"end":{"line":63,"column":null}},"3":{"start":{"line":11,"column":21},"end":{"line":11,"column":null}},"4":{"start":{"line":15,"column":14},"end":{"line":18,"column":null}},"5":{"start":{"line":22,"column":2},"end":{"line":29,"column":null}},"6":{"start":{"line":24,"column":19},"end":{"line":24,"column":null}},"7":{"start":{"line":26,"column":3},"end":{"line":26,"column":null}},"8":{"start":{"line":28,"column":3},"end":{"line":28,"column":null}},"9":{"start":{"line":38,"column":21},"end":{"line":38,"column":null}},"10":{"start":{"line":44,"column":14},"end":{"line":47,"column":null}},"11":{"start":{"line":52,"column":2},"end":{"line":62,"column":null}},"12":{"start":{"line":54,"column":19},"end":{"line":54,"column":null}},"13":{"start":{"line":57,"column":19},"end":{"line":57,"column":null}},"14":{"start":{"line":59,"column":3},"end":{"line":59,"column":null}},"15":{"start":{"line":61,"column":3},"end":{"line":61,"column":null}}},"fnMap":{"0":{"name":"(anonymous_0)","decl":{"start":{"line":9,"column":20},"end":{"line":9,"column":68}},"loc":{"start":{"line":9,"column":68},"end":{"line":30,"column":null}},"line":9},"1":{"name":"(anonymous_1)","decl":{"start":{"line":34,"column":20},"end":{"line":34,"column":null}},"loc":{"start":{"line":36,"column":39},"end":{"line":63,"column":null}},"line":36}},"branchMap":{},"s":{"0":0,"1":0,"2":0,"3":0,"4":0,"5":0,"6":0,"7":0,"8":0,"9":0,"10":0,"11":0,"12":0,"13":0,"14":0,"15":0},"f":{"0":0,"1":0},"b":{},"meta":{"lastBranch":0,"lastFunction":2,"lastStatement":16,"seen":{"s:6:17:6:Infinity":0,"s:9:20:30:Infinity":1,"s:34:20:63:Infinity":2,"f:9:20:9:68":0,"s:11:21:11:Infinity":3,"s:15:14:18:Infinity":4,"s:22:2:29:Infinity":5,"s:24:19:24:Infinity":6,"s:26:3:26:Infinity":7,"s:28:3:28:Infinity":8,"f:34:20:34:Infinity":1,"s:38:21:38:Infinity":9,"s:44:14:47:Infinity":10,"s:52:2:62:Infinity":11,"s:54:19:54:Infinity":12,"s:57:19:57:Infinity":13,"s:59:3:59:Infinity":14,"s:61:3:61:Infinity":15}}}
,"/app/server/repository/role_repository.ts": {"path":"/app/server/repository/role_repository.ts","statementMap":{"0":{"start":{"line":7,"column":17},"end":{"line":7,"column":null}},"1":{"start":{"line":10,"column":20},"end":{"line":31,"column":null}},"2":{"start":{"line":35,"column":20},"end":{"line":64,"column":null}},"3":{"start":{"line":12,"column":21},"end":{"line":12,"column":null}},"4":{"start":{"line":16,"column":14},"end":{"line":19,"column":null}},"5":{"start":{"line":23,"column":2},"end":{"line":30,"column":null}},"6":{"start":{"line":25,"column":19},"end":{"line":25,"column":null}},"7":{"start":{"line":27,"column":3},"end":{"line":27,"column":null}},"8":{"start":{"line":29,"column":3},"end":{"line":29,"column":null}},"9":{"start":{"line":39,"column":21},"end":{"line":39,"column":null}},"10":{"start":{"line":45,"column":14},"end":{"line":48,"column":null}},"11":{"start":{"line":53,"column":2},"end":{"line":63,"column":null}},"12":{"start":{"line":55,"column":19},"end":{"line":55,"column":null}},"13":{"start":{"line":58,"column":19},"end":{"line":58,"column":null}},"14":{"start":{"line":60,"column":3},"end":{"line":60,"column":null}},"15":{"start":{"line":62,"column":3},"end":{"line":62,"column":null}}},"fnMap":{"0":{"name":"(anonymous_0)","decl":{"start":{"line":10,"column":20},"end":{"line":10,"column":59}},"loc":{"start":{"line":10,"column":59},"end":{"line":31,"column":null}},"line":10},"1":{"name":"(anonymous_1)","decl":{"start":{"line":35,"column":20},"end":{"line":35,"column":null}},"loc":{"start":{"line":37,"column":30},"end":{"line":64,"column":null}},"line":37}},"branchMap":{},"s":{"0":0,"1":0,"2":0,"3":0,"4":0,"5":0,"6":0,"7":0,"8":0,"9":0,"10":0,"11":0,"12":0,"13":0,"14":0,"15":0},"f":{"0":0,"1":0},"b":{},"meta":{"lastBranch":0,"lastFunction":2,"lastStatement":16,"seen":{"s:7:17:7:Infinity":0,"s:10:20:31:Infinity":1,"s:35:20:64:Infinity":2,"f:10:20:10:59":0,"s:12:21:12:Infinity":3,"s:16:14:19:Infinity":4,"s:23:2:30:Infinity":5,"s:25:19:25:Infinity":6,"s:27:3:27:Infinity":7,"s:29:3:29:Infinity":8,"f:35:20:35:Infinity":1,"s:39:21:39:Infinity":9,"s:45:14:48:Infinity":10,"s:53:2:63:Infinity":11,"s:55:19:55:Infinity":12,"s:58:19:58:Infinity":13,"s:60:3:60:Infinity":14,"s:62:3:62:Infinity":15}}}
,"/app/server/repository/security_repository.ts": {"path":"/app/server/repository/security_repository.ts","statementMap":{"0":{"start":{"line":11,"column":17},"end":{"line":11,"column":null}},"1":{"start":{"line":14,"column":19},"end":{"line":43,"column":null}},"2":{"start":{"line":46,"column":31},"end":{"line":73,"column":null}},"3":{"start":{"line":75,"column":27},"end":{"line":108,"column":null}},"4":{"start":{"line":16,"column":21},"end":{"line":16,"column":null}},"5":{"start":{"line":20,"column":14},"end":{"line":22,"column":null}},"6":{"start":{"line":34,"column":2},"end":{"line":42,"column":null}},"7":{"start":{"line":36,"column":19},"end":{"line":36,"column":null}},"8":{"start":{"line":39,"column":3},"end":{"line":39,"column":null}},"9":{"start":{"line":41,"column":3},"end":{"line":41,"column":null}},"10":{"start":{"line":50,"column":27},"end":{"line":50,"column":null}},"11":{"start":{"line":53,"column":20},"end":{"line":56,"column":null}},"12":{"start":{"line":61,"column":8},"end":{"line":72,"column":null}},"13":{"start":{"line":63,"column":28},"end":{"line":63,"column":null}},"14":{"start":{"line":67,"column":12},"end":{"line":67,"column":null}},"15":{"start":{"line":67,"column":42},"end":{"line":67,"column":null}},"16":{"start":{"line":69,"column":12},"end":{"line":69,"column":null}},"17":{"start":{"line":71,"column":12},"end":{"line":71,"column":null}},"18":{"start":{"line":79,"column":27},"end":{"line":79,"column":null}},"19":{"start":{"line":82,"column":20},"end":{"line":85,"column":null}},"20":{"start":{"line":90,"column":8},"end":{"line":107,"column":null}},"21":{"start":{"line":93,"column":28},"end":{"line":93,"column":null}},"22":{"start":{"line":96,"column":28},"end":{"line":96,"column":null}},"23":{"start":{"line":99,"column":12},"end":{"line":101,"column":null}},"24":{"start":{"line":104,"column":12},"end":{"line":104,"column":null}},"25":{"start":{"line":106,"column":12},"end":{"line":106,"column":null}}},"fnMap":{"0":{"name":"(anonymous_0)","decl":{"start":{"line":14,"column":19},"end":{"line":14,"column":26}},"loc":{"start":{"line":14,"column":85},"end":{"line":43,"column":null}},"line":14},"1":{"name":"(anonymous_1)","decl":{"start":{"line":46,"column":31},"end":{"line":46,"column":null}},"loc":{"start":{"line":48,"column":37},"end":{"line":73,"column":null}},"line":48},"2":{"name":"(anonymous_2)","decl":{"start":{"line":75,"column":27},"end":{"line":75,"column":null}},"loc":{"start":{"line":77,"column":34},"end":{"line":108,"column":null}},"line":77}},"branchMap":{"0":{"loc":{"start":{"line":67,"column":12},"end":{"line":67,"column":null}},"type":"if","locations":[{"start":{"line":67,"column":12},"end":{"line":67,"column":null}},{"start":{},"end":{}}],"line":67}},"s":{"0":0,"1":0,"2":0,"3":0,"4":0,"5":0,"6":0,"7":0,"8":0,"9":0,"10":0,"11":0,"12":0,"13":0,"14":0,"15":0,"16":0,"17":0,"18":0,"19":0,"20":0,"21":0,"22":0,"23":0,"24":0,"25":0},"f":{"0":0,"1":0,"2":0},"b":{"0":[0,0]},"meta":{"lastBranch":1,"lastFunction":3,"lastStatement":26,"seen":{"s:11:17:11:Infinity":0,"s:14:19:43:Infinity":1,"s:46:31:73:Infinity":2,"s:75:27:108:Infinity":3,"f:14:19:14:26":0,"s:16:21:16:Infinity":4,"s:20:14:22:Infinity":5,"s:34:2:42:Infinity":6,"s:36:19:36:Infinity":7,"s:39:3:39:Infinity":8,"s:41:3:41:Infinity":9,"f:46:31:46:Infinity":1,"s:50:27:50:Infinity":10,"s:53:20:56:Infinity":11,"s:61:8:72:Infinity":12,"s:63:28:63:Infinity":13,"b:67:12:67:Infinity:undefined:undefined:undefined:undefined":0,"s:67:12:67:Infinity":14,"s:67:42:67:Infinity":15,"s:69:12:69:Infinity":16,"s:71:12:71:Infinity":17,"f:75:27:75:Infinity":2,"s:79:27:79:Infinity":18,"s:82:20:85:Infinity":19,"s:90:8:107:Infinity":20,"s:93:28:93:Infinity":21,"s:96:28:96:Infinity":22,"s:99:12:101:Infinity":23,"s:104:12:104:Infinity":24,"s:106:12:106:Infinity":25}}}
,"/app/server/repository/user_repository.ts": {"path":"/app/server/repository/user_repository.ts","statementMap":{"0":{"start":{"line":10,"column":17},"end":{"line":10,"column":null}},"1":{"start":{"line":13,"column":20},"end":{"line":45,"column":null}},"2":{"start":{"line":49,"column":20},"end":{"line":81,"column":null}},"3":{"start":{"line":15,"column":21},"end":{"line":15,"column":null}},"4":{"start":{"line":19,"column":14},"end":{"line":22,"column":null}},"5":{"start":{"line":26,"column":2},"end":{"line":44,"column":null}},"6":{"start":{"line":28,"column":19},"end":{"line":28,"column":null}},"7":{"start":{"line":30,"column":3},"end":{"line":39,"column":null}},"8":{"start":{"line":30,"column":16},"end":{"line":30,"column":19}},"9":{"start":{"line":33,"column":20},"end":{"line":33,"column":null}},"10":{"start":{"line":36,"column":4},"end":{"line":38,"column":null}},"11":{"start":{"line":41,"column":3},"end":{"line":41,"column":null}},"12":{"start":{"line":43,"column":3},"end":{"line":43,"column":null}},"13":{"start":{"line":51,"column":21},"end":{"line":51,"column":null}},"14":{"start":{"line":57,"column":14},"end":{"line":60,"column":null}},"15":{"start":{"line":65,"column":2},"end":{"line":80,"column":null}},"16":{"start":{"line":67,"column":19},"end":{"line":67,"column":null}},"17":{"start":{"line":70,"column":19},"end":{"line":70,"column":null}},"18":{"start":{"line":73,"column":3},"end":{"line":75,"column":null}},"19":{"start":{"line":77,"column":3},"end":{"line":77,"column":null}},"20":{"start":{"line":79,"column":3},"end":{"line":79,"column":null}}},"fnMap":{"0":{"name":"(anonymous_0)","decl":{"start":{"line":13,"column":20},"end":{"line":13,"column":59}},"loc":{"start":{"line":13,"column":59},"end":{"line":45,"column":null}},"line":13},"1":{"name":"(anonymous_1)","decl":{"start":{"line":49,"column":20},"end":{"line":49,"column":27}},"loc":{"start":{"line":49,"column":76},"end":{"line":81,"column":null}},"line":49}},"branchMap":{},"s":{"0":0,"1":0,"2":0,"3":0,"4":0,"5":0,"6":0,"7":0,"8":0,"9":0,"10":0,"11":0,"12":0,"13":0,"14":0,"15":0,"16":0,"17":0,"18":0,"19":0,"20":0},"f":{"0":0,"1":0},"b":{},"meta":{"lastBranch":0,"lastFunction":2,"lastStatement":21,"seen":{"s:10:17:10:Infinity":0,"s:13:20:45:Infinity":1,"s:49:20:81:Infinity":2,"f:13:20:13:59":0,"s:15:21:15:Infinity":3,"s:19:14:22:Infinity":4,"s:26:2:44:Infinity":5,"s:28:19:28:Infinity":6,"s:30:3:39:Infinity":7,"s:30:16:30:19":8,"s:33:20:33:Infinity":9,"s:36:4:38:Infinity":10,"s:41:3:41:Infinity":11,"s:43:3:43:Infinity":12,"f:49:20:49:27":1,"s:51:21:51:Infinity":13,"s:57:14:60:Infinity":14,"s:65:2:80:Infinity":15,"s:67:19:67:Infinity":16,"s:70:19:70:Infinity":17,"s:73:3:75:Infinity":18,"s:77:3:77:Infinity":19,"s:79:3:79:Infinity":20}}}
,"/app/server/router/category_router.ts": {"path":"/app/server/router/category_router.ts","statementMap":{"0":{"start":{"line":7,"column":18},"end":{"line":7,"column":null}},"1":{"start":{"line":8,"column":9},"end":{"line":8,"column":null}},"2":{"start":{"line":11,"column":20},"end":{"line":23,"column":null}},"3":{"start":{"line":15,"column":2},"end":{"line":15,"column":null}},"4":{"start":{"line":18,"column":2},"end":{"line":18,"column":null}},"5":{"start":{"line":19,"column":2},"end":{"line":19,"column":null}},"6":{"start":{"line":22,"column":2},"end":{"line":22,"column":null}}},"fnMap":{"0":{"name":"(anonymous_0)","decl":{"start":{"line":11,"column":20},"end":{"line":11,"column":26}},"loc":{"start":{"line":11,"column":26},"end":{"line":23,"column":null}},"line":11}},"branchMap":{},"s":{"0":1,"1":1,"2":1,"3":1,"4":1,"5":1,"6":1},"f":{"0":1},"b":{},"meta":{"lastBranch":0,"lastFunction":1,"lastStatement":7,"seen":{"s:7:18:7:Infinity":0,"s:8:9:8:Infinity":1,"s:11:20:23:Infinity":2,"f:11:20:11:26":0,"s:15:2:15:Infinity":3,"s:18:2:18:Infinity":4,"s:19:2:19:Infinity":5,"s:22:2:22:Infinity":6}}}
,"/app/server/router/contact_router.ts": {"path":"/app/server/router/contact_router.ts","statementMap":{"0":{"start":{"line":6,"column":21},"end":{"line":6,"column":null}},"1":{"start":{"line":9,"column":23},"end":{"line":17,"column":null}},"2":{"start":{"line":12,"column":8},"end":{"line":12,"column":null}},"3":{"start":{"line":13,"column":8},"end":{"line":13,"column":null}},"4":{"start":{"line":16,"column":8},"end":{"line":16,"column":null}}},"fnMap":{"0":{"name":"(anonymous_0)","decl":{"start":{"line":9,"column":23},"end":{"line":9,"column":29}},"loc":{"start":{"line":9,"column":29},"end":{"line":17,"column":null}},"line":9}},"branchMap":{},"s":{"0":1,"1":1,"2":1,"3":1,"4":1},"f":{"0":1},"b":{},"meta":{"lastBranch":0,"lastFunction":1,"lastStatement":5,"seen":{"s:6:21:6:Infinity":0,"s:9:23:17:Infinity":1,"f:9:23:9:29":0,"s:12:8:12:Infinity":2,"s:13:8:13:Infinity":3,"s:16:8:16:Infinity":4}}}
,"/app/server/router/drink_router.ts": {"path":"/app/server/router/drink_router.ts","statementMap":{"0":{"start":{"line":7,"column":21},"end":{"line":7,"column":null}},"1":{"start":{"line":10,"column":23},"end":{"line":21,"column":null}},"2":{"start":{"line":14,"column":12},"end":{"line":14,"column":null}},"3":{"start":{"line":17,"column":12},"end":{"line":17,"column":null}},"4":{"start":{"line":20,"column":12},"end":{"line":20,"column":null}}},"fnMap":{"0":{"name":"(anonymous_0)","decl":{"start":{"line":10,"column":23},"end":{"line":10,"column":29}},"loc":{"start":{"line":10,"column":29},"end":{"line":21,"column":null}},"line":10}},"branchMap":{},"s":{"0":1,"1":1,"2":1,"3":1,"4":1},"f":{"0":1},"b":{},"meta":{"lastBranch":0,"lastFunction":1,"lastStatement":5,"seen":{"s:7:21:7:Infinity":0,"s:10:23:21:Infinity":1,"f:10:23:10:29":0,"s:14:12:14:Infinity":2,"s:17:12:17:Infinity":3,"s:20:12:20:Infinity":4}}}
,"/app/server/router/drink_type_router.ts": {"path":"/app/server/router/drink_type_router.ts","statementMap":{"0":{"start":{"line":7,"column":21},"end":{"line":7,"column":null}},"1":{"start":{"line":10,"column":23},"end":{"line":21,"column":null}},"2":{"start":{"line":14,"column":12},"end":{"line":14,"column":null}},"3":{"start":{"line":17,"column":12},"end":{"line":17,"column":null}},"4":{"start":{"line":20,"column":12},"end":{"line":20,"column":null}}},"fnMap":{"0":{"name":"(anonymous_0)","decl":{"start":{"line":10,"column":23},"end":{"line":10,"column":29}},"loc":{"start":{"line":10,"column":29},"end":{"line":21,"column":null}},"line":10}},"branchMap":{},"s":{"0":1,"1":1,"2":1,"3":1,"4":1},"f":{"0":1},"b":{},"meta":{"lastBranch":0,"lastFunction":1,"lastStatement":5,"seen":{"s:7:21:7:Infinity":0,"s:10:23:21:Infinity":1,"f:10:23:10:29":0,"s:14:12:14:Infinity":2,"s:17:12:17:Infinity":3,"s:20:12:20:Infinity":4}}}
,"/app/server/router/homepage_router.ts": {"path":"/app/server/router/homepage_router.ts","statementMap":{"0":{"start":{"line":6,"column":18},"end":{"line":6,"column":null}},"1":{"start":{"line":9,"column":20},"end":{"line":17,"column":null}},"2":{"start":{"line":13,"column":2},"end":{"line":13,"column":null}},"3":{"start":{"line":16,"column":2},"end":{"line":16,"column":null}}},"fnMap":{"0":{"name":"(anonymous_0)","decl":{"start":{"line":9,"column":20},"end":{"line":9,"column":26}},"loc":{"start":{"line":9,"column":26},"end":{"line":17,"column":null}},"line":9}},"branchMap":{},"s":{"0":1,"1":1,"2":1,"3":1},"f":{"0":1},"b":{},"meta":{"lastBranch":0,"lastFunction":1,"lastStatement":4,"seen":{"s:6:18:6:Infinity":0,"s:9:20:17:Infinity":1,"f:9:20:9:26":0,"s:13:2:13:Infinity":2,"s:16:2:16:Infinity":3}}}
,"/app/server/router/menu_router.ts": {"path":"/app/server/router/menu_router.ts","statementMap":{"0":{"start":{"line":8,"column":18},"end":{"line":8,"column":null}},"1":{"start":{"line":14,"column":20},"end":{"line":50,"column":null}},"2":{"start":{"line":18,"column":2},"end":{"line":18,"column":null}},"3":{"start":{"line":21,"column":2},"end":{"line":21,"column":null}},"4":{"start":{"line":25,"column":2},"end":{"line":29,"column":null}},"5":{"start":{"line":34,"column":2},"end":{"line":38,"column":null}},"6":{"start":{"line":42,"column":2},"end":{"line":46,"column":null}},"7":{"start":{"line":49,"column":2},"end":{"line":49,"column":null}}},"fnMap":{"0":{"name":"(anonymous_0)","decl":{"start":{"line":14,"column":20},"end":{"line":14,"column":26}},"loc":{"start":{"line":14,"column":26},"end":{"line":50,"column":null}},"line":14}},"branchMap":{},"s":{"0":1,"1":1,"2":1,"3":1,"4":1,"5":1,"6":1,"7":1},"f":{"0":1},"b":{},"meta":{"lastBranch":0,"lastFunction":1,"lastStatement":8,"seen":{"s:8:18:8:Infinity":0,"s:14:20:50:Infinity":1,"f:14:20:14:26":0,"s:18:2:18:Infinity":2,"s:21:2:21:Infinity":3,"s:25:2:29:Infinity":4,"s:34:2:38:Infinity":5,"s:42:2:46:Infinity":6,"s:49:2:49:Infinity":7}}}
,"/app/server/router/orderable_router.ts": {"path":"/app/server/router/orderable_router.ts","statementMap":{"0":{"start":{"line":10,"column":21},"end":{"line":10,"column":null}},"1":{"start":{"line":13,"column":9},"end":{"line":13,"column":null}},"2":{"start":{"line":16,"column":23},"end":{"line":29,"column":null}},"3":{"start":{"line":20,"column":12},"end":{"line":20,"column":null}},"4":{"start":{"line":23,"column":12},"end":{"line":23,"column":null}},"5":{"start":{"line":25,"column":12},"end":{"line":25,"column":null}},"6":{"start":{"line":28,"column":12},"end":{"line":28,"column":null}}},"fnMap":{"0":{"name":"(anonymous_0)","decl":{"start":{"line":16,"column":23},"end":{"line":16,"column":29}},"loc":{"start":{"line":16,"column":29},"end":{"line":29,"column":null}},"line":16}},"branchMap":{},"s":{"0":1,"1":1,"2":1,"3":1,"4":1,"5":1,"6":1},"f":{"0":1},"b":{},"meta":{"lastBranch":0,"lastFunction":1,"lastStatement":7,"seen":{"s:10:21:10:Infinity":0,"s:13:9:13:Infinity":1,"s:16:23:29:Infinity":2,"f:16:23:16:29":0,"s:20:12:20:Infinity":3,"s:23:12:23:Infinity":4,"s:25:12:25:Infinity":5,"s:28:12:28:Infinity":6}}}
,"/app/server/router/orderable_spice_router.ts": {"path":"/app/server/router/orderable_spice_router.ts","statementMap":{"0":{"start":{"line":7,"column":21},"end":{"line":7,"column":null}},"1":{"start":{"line":10,"column":23},"end":{"line":21,"column":null}},"2":{"start":{"line":14,"column":12},"end":{"line":14,"column":null}},"3":{"start":{"line":17,"column":12},"end":{"line":17,"column":null}},"4":{"start":{"line":20,"column":12},"end":{"line":20,"column":null}}},"fnMap":{"0":{"name":"(anonymous_0)","decl":{"start":{"line":10,"column":23},"end":{"line":10,"column":29}},"loc":{"start":{"line":10,"column":29},"end":{"line":21,"column":null}},"line":10}},"branchMap":{},"s":{"0":1,"1":1,"2":1,"3":1,"4":1},"f":{"0":1},"b":{},"meta":{"lastBranch":0,"lastFunction":1,"lastStatement":5,"seen":{"s:7:21:7:Infinity":0,"s:10:23:21:Infinity":1,"f:10:23:10:29":0,"s:14:12:14:Infinity":2,"s:17:12:17:Infinity":3,"s:20:12:20:Infinity":4}}}
,"/app/server/router/orderable_type_router.ts": {"path":"/app/server/router/orderable_type_router.ts","statementMap":{"0":{"start":{"line":7,"column":21},"end":{"line":7,"column":null}},"1":{"start":{"line":10,"column":23},"end":{"line":21,"column":null}},"2":{"start":{"line":14,"column":12},"end":{"line":14,"column":null}},"3":{"start":{"line":17,"column":12},"end":{"line":17,"column":null}},"4":{"start":{"line":20,"column":12},"end":{"line":20,"column":null}}},"fnMap":{"0":{"name":"(anonymous_0)","decl":{"start":{"line":10,"column":23},"end":{"line":10,"column":29}},"loc":{"start":{"line":10,"column":29},"end":{"line":21,"column":null}},"line":10}},"branchMap":{},"s":{"0":1,"1":1,"2":1,"3":1,"4":1},"f":{"0":1},"b":{},"meta":{"lastBranch":0,"lastFunction":1,"lastStatement":5,"seen":{"s:7:21:7:Infinity":0,"s:10:23:21:Infinity":1,"f:10:23:10:29":0,"s:14:12:14:Infinity":2,"s:17:12:17:Infinity":3,"s:20:12:20:Infinity":4}}}
,"/app/server/router/role_router.ts": {"path":"/app/server/router/role_router.ts","statementMap":{"0":{"start":{"line":7,"column":21},"end":{"line":7,"column":null}},"1":{"start":{"line":10,"column":23},"end":{"line":21,"column":null}},"2":{"start":{"line":14,"column":12},"end":{"line":14,"column":null}},"3":{"start":{"line":17,"column":12},"end":{"line":17,"column":null}},"4":{"start":{"line":20,"column":12},"end":{"line":20,"column":null}}},"fnMap":{"0":{"name":"(anonymous_0)","decl":{"start":{"line":10,"column":23},"end":{"line":10,"column":29}},"loc":{"start":{"line":10,"column":29},"end":{"line":21,"column":null}},"line":10}},"branchMap":{},"s":{"0":1,"1":1,"2":1,"3":1,"4":1},"f":{"0":1},"b":{},"meta":{"lastBranch":0,"lastFunction":1,"lastStatement":5,"seen":{"s:7:21:7:Infinity":0,"s:10:23:21:Infinity":1,"f:10:23:10:29":0,"s:14:12:14:Infinity":2,"s:17:12:17:Infinity":3,"s:20:12:20:Infinity":4}}}
,"/app/server/router/security_router.ts": {"path":"/app/server/router/security_router.ts","statementMap":{"0":{"start":{"line":6,"column":18},"end":{"line":6,"column":null}},"1":{"start":{"line":9,"column":20},"end":{"line":18,"column":null}},"2":{"start":{"line":13,"column":2},"end":{"line":13,"column":null}},"3":{"start":{"line":14,"column":2},"end":{"line":14,"column":null}},"4":{"start":{"line":17,"column":2},"end":{"line":17,"column":null}}},"fnMap":{"0":{"name":"(anonymous_0)","decl":{"start":{"line":9,"column":20},"end":{"line":9,"column":26}},"loc":{"start":{"line":9,"column":26},"end":{"line":18,"column":null}},"line":9}},"branchMap":{},"s":{"0":1,"1":1,"2":1,"3":1,"4":1},"f":{"0":1},"b":{},"meta":{"lastBranch":0,"lastFunction":1,"lastStatement":5,"seen":{"s:6:18:6:Infinity":0,"s:9:20:18:Infinity":1,"f:9:20:9:26":0,"s:13:2:13:Infinity":2,"s:14:2:14:Infinity":3,"s:17:2:17:Infinity":4}}}
,"/app/server/router/user_router.ts": {"path":"/app/server/router/user_router.ts","statementMap":{"0":{"start":{"line":7,"column":21},"end":{"line":7,"column":null}},"1":{"start":{"line":10,"column":23},"end":{"line":21,"column":null}},"2":{"start":{"line":14,"column":12},"end":{"line":14,"column":null}},"3":{"start":{"line":17,"column":12},"end":{"line":17,"column":null}},"4":{"start":{"line":20,"column":12},"end":{"line":20,"column":null}}},"fnMap":{"0":{"name":"(anonymous_0)","decl":{"start":{"line":10,"column":23},"end":{"line":10,"column":29}},"loc":{"start":{"line":10,"column":29},"end":{"line":21,"column":null}},"line":10}},"branchMap":{},"s":{"0":1,"1":1,"2":1,"3":1,"4":1},"f":{"0":1},"b":{},"meta":{"lastBranch":0,"lastFunction":1,"lastStatement":5,"seen":{"s:7:21:7:Infinity":0,"s:10:23:21:Infinity":1,"f:10:23:10:29":0,"s:14:12:14:Infinity":2,"s:17:12:17:Infinity":3,"s:20:12:20:Infinity":4}}}
,"/app/server/service/file_service.ts": {"path":"/app/server/service/file_service.ts","statementMap":{},"fnMap":{},"branchMap":{},"s":{},"f":{},"b":{},"meta":{"lastBranch":0,"lastFunction":0,"lastStatement":0,"seen":{}}}
,"/app/server/service/mysql_service.ts": {"path":"/app/server/service/mysql_service.ts","statementMap":{"0":{"start":{"line":9,"column":21},"end":{"line":25,"column":null}},"1":{"start":{"line":12,"column":8},"end":{"line":20,"column":null}},"2":{"start":{"line":13,"column":12},"end":{"line":19,"column":null}},"3":{"start":{"line":23,"column":8},"end":{"line":23,"column":null}}},"fnMap":{"0":{"name":"(anonymous_0)","decl":{"start":{"line":9,"column":21},"end":{"line":9,"column":32}},"loc":{"start":{"line":9,"column":32},"end":{"line":25,"column":null}},"line":9}},"branchMap":{"0":{"loc":{"start":{"line":12,"column":8},"end":{"line":20,"column":null}},"type":"if","locations":[{"start":{"line":12,"column":8},"end":{"line":20,"column":null}},{"start":{},"end":{}}],"line":12}},"s":{"0":0,"1":0,"2":0,"3":0},"f":{"0":0},"b":{"0":[0,0]},"meta":{"lastBranch":1,"lastFunction":1,"lastStatement":4,"seen":{"s:9:21:25:Infinity":0,"f:9:21:9:32":0,"b:12:8:20:Infinity:undefined:undefined:undefined:undefined":0,"s:12:8:20:Infinity":1,"s:13:12:19:Infinity":2,"s:23:8:23:Infinity":3}}}
}
